#
# There is insufficient memory for the Java Runtime Environment to continue.
# Native memory allocation (malloc) failed to allocate 399856 bytes for Chunk::new
# Possible reasons:
#   The system is out of physical RAM or swap space
#   The process is running with CompressedOops enabled, and the Java Heap may be blocking the growth of the native heap
# Possible solutions:
#   Reduce memory load on the system
#   Increase physical memory or swap space
#   Check if swap backing store is full
#   Decrease Java heap size (-Xmx/-Xms)
#   Decrease number of Java threads
#   Decrease Java thread stack sizes (-Xss)
#   Set larger code cache with -XX:ReservedCodeCacheSize=
#   JVM is running with Unscaled Compressed Oops mode in which the Java heap is
#     placed in the first 4GB address space. The Java Heap base address is the
#     maximum limit for the native heap growth. Please use -XX:HeapBaseMinAddress
#     to set the Java Heap base and to place the Java Heap above 4GB virtual address.
# This output file may be truncated or incomplete.
#
#  Out of Memory Error (arena.cpp:184), pid=28304, tid=7568
#
# JRE version: Java(TM) SE Runtime Environment (18.0.1.1+2) (build 18.0.1.1+2-6)
# Java VM: Java HotSpot(TM) 64-Bit Server VM (18.0.1.1+2-6, mixed mode, sharing, tiered, compressed oops, compressed class ptrs, g1 gc, windows-amd64)
# No core dump will be written. Minidumps are not enabled by default on client versions of Windows
#

---------------  S U M M A R Y ------------

Command Line: -Dfile.encoding=UTF-8 --module-path=C:\Users\Charan\Documents\NetBeansProjects\Travel Management System\build\classes travel.management.system.Dashboard

Host: 12th Gen Intel(R) Core(TM) i5-1240P, 16 cores, 7G,  Windows 11 , 64 bit Build 22621 (10.0.22621.1635)
Time: Sat Jun 10 23:07:36 2023 India Standard Time elapsed time: 0.289611 seconds (0d 0h 0m 0s)

---------------  T H R E A D  ---------------

Current thread (0x0000028c9d5ec6b0):  JavaThread "C2 CompilerThread1" daemon [_thread_in_native, id=7568, stack(0x00000091ab600000,0x00000091ab700000)]


Current CompileTask:
C2:    289  781       4       sun.awt.image.PNGImageDecoder::filterRow (460 bytes)

Stack: [0x00000091ab600000,0x00000091ab700000]
Native frames: (J=compiled Java code, j=interpreted, Vv=VM code, C=native code)
V  [jvm.dll+0x69887a]
V  [jvm.dll+0x7f38bd]
V  [jvm.dll+0x7f51ce]
V  [jvm.dll+0x7f5883]
V  [jvm.dll+0x25ca3f]
V  [jvm.dll+0xb8c2f]
V  [jvm.dll+0xb8fa5]
V  [jvm.dll+0x2c794f]
V  [jvm.dll+0x5a05b0]
V  [jvm.dll+0x238398]
V  [jvm.dll+0x2319c5]
V  [jvm.dll+0x22eeeb]
V  [jvm.dll+0x1b9cfc]
V  [jvm.dll+0x23e8ca]
V  [jvm.dll+0x23cbb5]
V  [jvm.dll+0x7a5fb1]
V  [jvm.dll+0x7a03ea]
V  [jvm.dll+0x697725]
C  [ucrtbase.dll+0x29363]
C  [KERNEL32.DLL+0x126ad]
C  [ntdll.dll+0x5a9f8]


---------------  P R O C E S S  ---------------

Threads class SMR info:
_java_thread_list=0x0000028c9d88ab20, length=21, elements={
0x0000028cfa8c0830, 0x0000028c98e3dbc0, 0x0000028c98e3e470, 0x0000028c98e57b30,
0x0000028c98e583e0, 0x0000028c98e58c90, 0x0000028c98e5b550, 0x0000028c98e5e540,
0x0000028c98e62330, 0x0000028c98e62c20, 0x0000028c98e2aaa0, 0x0000028c9d5931f0,
0x0000028c9d5ec6b0, 0x0000028c9d6a72f0, 0x0000028c9d7ed310, 0x0000028c9d84b840,
0x0000028c9d84c110, 0x0000028c9d8901f0, 0x0000028c9d8fb770, 0x0000028c9ededdd0,
0x0000028c9efcc6b0
}

Java Threads: ( => current thread )
  0x0000028cfa8c0830 JavaThread "main" [_thread_in_native, id=21048, stack(0x00000091aa400000,0x00000091aa500000)]
  0x0000028c98e3dbc0 JavaThread "Reference Handler" daemon [_thread_blocked, id=20676, stack(0x00000091aab00000,0x00000091aac00000)]
  0x0000028c98e3e470 JavaThread "Finalizer" daemon [_thread_blocked, id=13940, stack(0x00000091aac00000,0x00000091aad00000)]
  0x0000028c98e57b30 JavaThread "Signal Dispatcher" daemon [_thread_blocked, id=13148, stack(0x00000091aad00000,0x00000091aae00000)]
  0x0000028c98e583e0 JavaThread "Attach Listener" daemon [_thread_blocked, id=28744, stack(0x00000091aae00000,0x00000091aaf00000)]
  0x0000028c98e58c90 JavaThread "Service Thread" daemon [_thread_blocked, id=21204, stack(0x00000091aaf00000,0x00000091ab000000)]
  0x0000028c98e5b550 JavaThread "Monitor Deflation Thread" daemon [_thread_blocked, id=15276, stack(0x00000091ab000000,0x00000091ab100000)]
  0x0000028c98e5e540 JavaThread "C2 CompilerThread0" daemon [_thread_in_vm, id=29300, stack(0x00000091ab100000,0x00000091ab200000)]
  0x0000028c98e62330 JavaThread "C1 CompilerThread0" daemon [_thread_blocked, id=19532, stack(0x00000091ab200000,0x00000091ab300000)]
  0x0000028c98e62c20 JavaThread "Sweeper thread" daemon [_thread_blocked, id=5096, stack(0x00000091ab300000,0x00000091ab400000)]
  0x0000028c98e2aaa0 JavaThread "Common-Cleaner" daemon [_thread_blocked, id=12108, stack(0x00000091ab400000,0x00000091ab500000)]
  0x0000028c9d5931f0 JavaThread "C1 CompilerThread1" daemon [_thread_blocked, id=29664, stack(0x00000091ab500000,0x00000091ab600000)]
=>0x0000028c9d5ec6b0 JavaThread "C2 CompilerThread1" daemon [_thread_in_native, id=7568, stack(0x00000091ab600000,0x00000091ab700000)]
  0x0000028c9d6a72f0 JavaThread "Notification Thread" daemon [_thread_blocked, id=2000, stack(0x00000091ab700000,0x00000091ab800000)]
  0x0000028c9d7ed310 JavaThread "Java2D Disposer" daemon [_thread_blocked, id=2268, stack(0x00000091ab900000,0x00000091aba00000)]
  0x0000028c9d84b840 JavaThread "AWT-Shutdown" [_thread_blocked, id=14752, stack(0x00000091aba00000,0x00000091abb00000)]
  0x0000028c9d84c110 JavaThread "AWT-Windows" daemon [_thread_in_native, id=27588, stack(0x00000091abb00000,0x00000091abc00000)]
  0x0000028c9d8901f0 JavaThread "Image Fetcher 0" daemon [_thread_blocked, id=13304, stack(0x00000091abc00000,0x00000091abd00000)]
  0x0000028c9d8fb770 JavaThread "C1 CompilerThread2" daemon [_thread_blocked, id=17624, stack(0x00000091abd00000,0x00000091abe00000)]
  0x0000028c9ededdd0 JavaThread "C1 CompilerThread3" daemon [_thread_blocked, id=28112, stack(0x00000091abe00000,0x00000091abf00000)]
  0x0000028c9efcc6b0 JavaThread "AWT-EventQueue-0" [_thread_in_vm, id=26648, stack(0x00000091abf00000,0x00000091ac000000)]

Other Threads:
  0x0000028cfa93e0e0 VMThread "VM Thread" [stack: 0x00000091aaa00000,0x00000091aab00000] [id=20940]
  0x0000028c9d6d4340 WatcherThread "VM Periodic Task Thread" [stack: 0x00000091ab800000,0x00000091ab900000] [id=5240]
  0x0000028cfa91fa10 WorkerThread "GC Thread#0" [stack: 0x00000091aa500000,0x00000091aa600000] [id=16328]
  0x0000028cfa930030 ConcurrentGCThread "G1 Main Marker" [stack: 0x00000091aa600000,0x00000091aa700000] [id=15272]
  0x0000028cfa9310d0 WorkerThread "G1 Conc#0" [stack: 0x00000091aa700000,0x00000091aa800000] [id=6348]
  0x0000028cfa97e8e0 ConcurrentGCThread "G1 Refine#0" [stack: 0x00000091aa800000,0x00000091aa900000] [id=27856]
  0x0000028c98cf5dd0 ConcurrentGCThread "G1 Service" [stack: 0x00000091aa900000,0x00000091aaa00000] [id=3956]

Threads with active compile tasks:
C2 CompilerThread0      298  785 %     4       sun.awt.image.PNGImageDecoder::update_crc @ 3 (41 bytes)
C2 CompilerThread1      298  781       4       sun.awt.image.PNGImageDecoder::filterRow (460 bytes)

VM state: not at safepoint (normal execution)

VM Mutex/Monitor currently owned by a thread: None

Heap address: 0x0000000084c00000, size: 1972 MB, Compressed Oops mode: 32-bit

CDS archive(s) mapped at: [0x0000000800000000-0x0000000800ba0000-0x0000000800ba0000), size 12189696, SharedBaseAddress: 0x0000000800000000, ArchiveRelocationMode: 0.
Compressed class space mapped at: 0x0000000800c00000-0x0000000840c00000, reserved size: 1073741824
Narrow klass base: 0x0000000800000000, Narrow klass shift: 0, Narrow klass range: 0x100000000

GC Precious Log:
 CardTable entry size: 512
 Card Set container configuration: InlinePtr #cards 5 size 8 Array Of Cards #cards 12 size 40 Howl #buckets 4 coarsen threshold 1843 Howl Bitmap #cards 512 size 80 coarsen threshold 460 Card regions per heap region 1 cards per card region 2048
 CPUs: 16 total, 16 available
 Memory: 7886M
 Large Page Support: Disabled
 NUMA Support: Disabled
 Compressed Oops: Enabled (32-bit)
 Heap Region Size: 1M
 Heap Min Capacity: 8M
 Heap Initial Capacity: 124M
 Heap Max Capacity: 1972M
 Pre-touch: Disabled
 Parallel Workers: 13
 Concurrent Workers: 3
 Concurrent Refinement Workers: 13
 Periodic GC: Disabled

Heap:
 garbage-first heap   total 126976K, used 9216K [0x0000000084c00000, 0x0000000100000000)
  region size 1024K, 9 young (9216K), 0 survivors (0K)
 Metaspace       used 4960K, committed 5184K, reserved 1114112K
  class space    used 512K, committed 640K, reserved 1048576K

Heap Regions: E=young(eden), S=young(survivor), O=old, HS=humongous(starts), HC=humongous(continues), CS=collection set, F=free, OA=open archive, CA=closed archive, TAMS=top-at-mark-start (previous, next)
|   0|0x0000000084c00000, 0x0000000084d00000, 0x0000000084d00000|100%|HS|  |TAMS 0x0000000084c00000, 0x0000000084c00000| Complete 
|   1|0x0000000084d00000, 0x0000000084d00000, 0x0000000084e00000|  0%| F|  |TAMS 0x0000000084d00000, 0x0000000084d00000| Untracked 
|   2|0x0000000084e00000, 0x0000000084e00000, 0x0000000084f00000|  0%| F|  |TAMS 0x0000000084e00000, 0x0000000084e00000| Untracked 
|   3|0x0000000084f00000, 0x0000000084f00000, 0x0000000085000000|  0%| F|  |TAMS 0x0000000084f00000, 0x0000000084f00000| Untracked 
|   4|0x0000000085000000, 0x0000000085000000, 0x0000000085100000|  0%| F|  |TAMS 0x0000000085000000, 0x0000000085000000| Untracked 
|   5|0x0000000085100000, 0x0000000085100000, 0x0000000085200000|  0%| F|  |TAMS 0x0000000085100000, 0x0000000085100000| Untracked 
|   6|0x0000000085200000, 0x0000000085200000, 0x0000000085300000|  0%| F|  |TAMS 0x0000000085200000, 0x0000000085200000| Untracked 
|   7|0x0000000085300000, 0x0000000085300000, 0x0000000085400000|  0%| F|  |TAMS 0x0000000085300000, 0x0000000085300000| Untracked 
|   8|0x0000000085400000, 0x0000000085400000, 0x0000000085500000|  0%| F|  |TAMS 0x0000000085400000, 0x0000000085400000| Untracked 
|   9|0x0000000085500000, 0x0000000085500000, 0x0000000085600000|  0%| F|  |TAMS 0x0000000085500000, 0x0000000085500000| Untracked 
|  10|0x0000000085600000, 0x0000000085600000, 0x0000000085700000|  0%| F|  |TAMS 0x0000000085600000, 0x0000000085600000| Untracked 
|  11|0x0000000085700000, 0x0000000085700000, 0x0000000085800000|  0%| F|  |TAMS 0x0000000085700000, 0x0000000085700000| Untracked 
|  12|0x0000000085800000, 0x0000000085800000, 0x0000000085900000|  0%| F|  |TAMS 0x0000000085800000, 0x0000000085800000| Untracked 
|  13|0x0000000085900000, 0x0000000085900000, 0x0000000085a00000|  0%| F|  |TAMS 0x0000000085900000, 0x0000000085900000| Untracked 
|  14|0x0000000085a00000, 0x0000000085a00000, 0x0000000085b00000|  0%| F|  |TAMS 0x0000000085a00000, 0x0000000085a00000| Untracked 
|  15|0x0000000085b00000, 0x0000000085b00000, 0x0000000085c00000|  0%| F|  |TAMS 0x0000000085b00000, 0x0000000085b00000| Untracked 
|  16|0x0000000085c00000, 0x0000000085c00000, 0x0000000085d00000|  0%| F|  |TAMS 0x0000000085c00000, 0x0000000085c00000| Untracked 
|  17|0x0000000085d00000, 0x0000000085d00000, 0x0000000085e00000|  0%| F|  |TAMS 0x0000000085d00000, 0x0000000085d00000| Untracked 
|  18|0x0000000085e00000, 0x0000000085e00000, 0x0000000085f00000|  0%| F|  |TAMS 0x0000000085e00000, 0x0000000085e00000| Untracked 
|  19|0x0000000085f00000, 0x0000000085f00000, 0x0000000086000000|  0%| F|  |TAMS 0x0000000085f00000, 0x0000000085f00000| Untracked 
|  20|0x0000000086000000, 0x0000000086000000, 0x0000000086100000|  0%| F|  |TAMS 0x0000000086000000, 0x0000000086000000| Untracked 
|  21|0x0000000086100000, 0x0000000086100000, 0x0000000086200000|  0%| F|  |TAMS 0x0000000086100000, 0x0000000086100000| Untracked 
|  22|0x0000000086200000, 0x0000000086200000, 0x0000000086300000|  0%| F|  |TAMS 0x0000000086200000, 0x0000000086200000| Untracked 
|  23|0x0000000086300000, 0x0000000086300000, 0x0000000086400000|  0%| F|  |TAMS 0x0000000086300000, 0x0000000086300000| Untracked 
|  24|0x0000000086400000, 0x0000000086400000, 0x0000000086500000|  0%| F|  |TAMS 0x0000000086400000, 0x0000000086400000| Untracked 
|  25|0x0000000086500000, 0x0000000086500000, 0x0000000086600000|  0%| F|  |TAMS 0x0000000086500000, 0x0000000086500000| Untracked 
|  26|0x0000000086600000, 0x0000000086600000, 0x0000000086700000|  0%| F|  |TAMS 0x0000000086600000, 0x0000000086600000| Untracked 
|  27|0x0000000086700000, 0x0000000086700000, 0x0000000086800000|  0%| F|  |TAMS 0x0000000086700000, 0x0000000086700000| Untracked 
|  28|0x0000000086800000, 0x0000000086800000, 0x0000000086900000|  0%| F|  |TAMS 0x0000000086800000, 0x0000000086800000| Untracked 
|  29|0x0000000086900000, 0x0000000086900000, 0x0000000086a00000|  0%| F|  |TAMS 0x0000000086900000, 0x0000000086900000| Untracked 
|  30|0x0000000086a00000, 0x0000000086a00000, 0x0000000086b00000|  0%| F|  |TAMS 0x0000000086a00000, 0x0000000086a00000| Untracked 
|  31|0x0000000086b00000, 0x0000000086b00000, 0x0000000086c00000|  0%| F|  |TAMS 0x0000000086b00000, 0x0000000086b00000| Untracked 
|  32|0x0000000086c00000, 0x0000000086c00000, 0x0000000086d00000|  0%| F|  |TAMS 0x0000000086c00000, 0x0000000086c00000| Untracked 
|  33|0x0000000086d00000, 0x0000000086d00000, 0x0000000086e00000|  0%| F|  |TAMS 0x0000000086d00000, 0x0000000086d00000| Untracked 
|  34|0x0000000086e00000, 0x0000000086e00000, 0x0000000086f00000|  0%| F|  |TAMS 0x0000000086e00000, 0x0000000086e00000| Untracked 
|  35|0x0000000086f00000, 0x0000000086f00000, 0x0000000087000000|  0%| F|  |TAMS 0x0000000086f00000, 0x0000000086f00000| Untracked 
|  36|0x0000000087000000, 0x0000000087000000, 0x0000000087100000|  0%| F|  |TAMS 0x0000000087000000, 0x0000000087000000| Untracked 
|  37|0x0000000087100000, 0x0000000087100000, 0x0000000087200000|  0%| F|  |TAMS 0x0000000087100000, 0x0000000087100000| Untracked 
|  38|0x0000000087200000, 0x0000000087200000, 0x0000000087300000|  0%| F|  |TAMS 0x0000000087200000, 0x0000000087200000| Untracked 
|  39|0x0000000087300000, 0x0000000087300000, 0x0000000087400000|  0%| F|  |TAMS 0x0000000087300000, 0x0000000087300000| Untracked 
|  40|0x0000000087400000, 0x0000000087400000, 0x0000000087500000|  0%| F|  |TAMS 0x0000000087400000, 0x0000000087400000| Untracked 
|  41|0x0000000087500000, 0x0000000087500000, 0x0000000087600000|  0%| F|  |TAMS 0x0000000087500000, 0x0000000087500000| Untracked 
|  42|0x0000000087600000, 0x0000000087600000, 0x0000000087700000|  0%| F|  |TAMS 0x0000000087600000, 0x0000000087600000| Untracked 
|  43|0x0000000087700000, 0x0000000087700000, 0x0000000087800000|  0%| F|  |TAMS 0x0000000087700000, 0x0000000087700000| Untracked 
|  44|0x0000000087800000, 0x0000000087800000, 0x0000000087900000|  0%| F|  |TAMS 0x0000000087800000, 0x0000000087800000| Untracked 
|  45|0x0000000087900000, 0x0000000087900000, 0x0000000087a00000|  0%| F|  |TAMS 0x0000000087900000, 0x0000000087900000| Untracked 
|  46|0x0000000087a00000, 0x0000000087a00000, 0x0000000087b00000|  0%| F|  |TAMS 0x0000000087a00000, 0x0000000087a00000| Untracked 
|  47|0x0000000087b00000, 0x0000000087b00000, 0x0000000087c00000|  0%| F|  |TAMS 0x0000000087b00000, 0x0000000087b00000| Untracked 
|  48|0x0000000087c00000, 0x0000000087c00000, 0x0000000087d00000|  0%| F|  |TAMS 0x0000000087c00000, 0x0000000087c00000| Untracked 
|  49|0x0000000087d00000, 0x0000000087d00000, 0x0000000087e00000|  0%| F|  |TAMS 0x0000000087d00000, 0x0000000087d00000| Untracked 
|  50|0x0000000087e00000, 0x0000000087e00000, 0x0000000087f00000|  0%| F|  |TAMS 0x0000000087e00000, 0x0000000087e00000| Untracked 
|  51|0x0000000087f00000, 0x0000000087f00000, 0x0000000088000000|  0%| F|  |TAMS 0x0000000087f00000, 0x0000000087f00000| Untracked 
|  52|0x0000000088000000, 0x0000000088000000, 0x0000000088100000|  0%| F|  |TAMS 0x0000000088000000, 0x0000000088000000| Untracked 
|  53|0x0000000088100000, 0x0000000088100000, 0x0000000088200000|  0%| F|  |TAMS 0x0000000088100000, 0x0000000088100000| Untracked 
|  54|0x0000000088200000, 0x0000000088200000, 0x0000000088300000|  0%| F|  |TAMS 0x0000000088200000, 0x0000000088200000| Untracked 
|  55|0x0000000088300000, 0x0000000088300000, 0x0000000088400000|  0%| F|  |TAMS 0x0000000088300000, 0x0000000088300000| Untracked 
|  56|0x0000000088400000, 0x0000000088400000, 0x0000000088500000|  0%| F|  |TAMS 0x0000000088400000, 0x0000000088400000| Untracked 
|  57|0x0000000088500000, 0x0000000088500000, 0x0000000088600000|  0%| F|  |TAMS 0x0000000088500000, 0x0000000088500000| Untracked 
|  58|0x0000000088600000, 0x0000000088600000, 0x0000000088700000|  0%| F|  |TAMS 0x0000000088600000, 0x0000000088600000| Untracked 
|  59|0x0000000088700000, 0x0000000088700000, 0x0000000088800000|  0%| F|  |TAMS 0x0000000088700000, 0x0000000088700000| Untracked 
|  60|0x0000000088800000, 0x0000000088800000, 0x0000000088900000|  0%| F|  |TAMS 0x0000000088800000, 0x0000000088800000| Untracked 
|  61|0x0000000088900000, 0x0000000088900000, 0x0000000088a00000|  0%| F|  |TAMS 0x0000000088900000, 0x0000000088900000| Untracked 
|  62|0x0000000088a00000, 0x0000000088a00000, 0x0000000088b00000|  0%| F|  |TAMS 0x0000000088a00000, 0x0000000088a00000| Untracked 
|  63|0x0000000088b00000, 0x0000000088b00000, 0x0000000088c00000|  0%| F|  |TAMS 0x0000000088b00000, 0x0000000088b00000| Untracked 
|  64|0x0000000088c00000, 0x0000000088c00000, 0x0000000088d00000|  0%| F|  |TAMS 0x0000000088c00000, 0x0000000088c00000| Untracked 
|  65|0x0000000088d00000, 0x0000000088d00000, 0x0000000088e00000|  0%| F|  |TAMS 0x0000000088d00000, 0x0000000088d00000| Untracked 
|  66|0x0000000088e00000, 0x0000000088e00000, 0x0000000088f00000|  0%| F|  |TAMS 0x0000000088e00000, 0x0000000088e00000| Untracked 
|  67|0x0000000088f00000, 0x0000000088f00000, 0x0000000089000000|  0%| F|  |TAMS 0x0000000088f00000, 0x0000000088f00000| Untracked 
|  68|0x0000000089000000, 0x0000000089000000, 0x0000000089100000|  0%| F|  |TAMS 0x0000000089000000, 0x0000000089000000| Untracked 
|  69|0x0000000089100000, 0x0000000089100000, 0x0000000089200000|  0%| F|  |TAMS 0x0000000089100000, 0x0000000089100000| Untracked 
|  70|0x0000000089200000, 0x0000000089200000, 0x0000000089300000|  0%| F|  |TAMS 0x0000000089200000, 0x0000000089200000| Untracked 
|  71|0x0000000089300000, 0x0000000089300000, 0x0000000089400000|  0%| F|  |TAMS 0x0000000089300000, 0x0000000089300000| Untracked 
|  72|0x0000000089400000, 0x0000000089400000, 0x0000000089500000|  0%| F|  |TAMS 0x0000000089400000, 0x0000000089400000| Untracked 
|  73|0x0000000089500000, 0x0000000089500000, 0x0000000089600000|  0%| F|  |TAMS 0x0000000089500000, 0x0000000089500000| Untracked 
|  74|0x0000000089600000, 0x0000000089600000, 0x0000000089700000|  0%| F|  |TAMS 0x0000000089600000, 0x0000000089600000| Untracked 
|  75|0x0000000089700000, 0x0000000089700000, 0x0000000089800000|  0%| F|  |TAMS 0x0000000089700000, 0x0000000089700000| Untracked 
|  76|0x0000000089800000, 0x0000000089800000, 0x0000000089900000|  0%| F|  |TAMS 0x0000000089800000, 0x0000000089800000| Untracked 
|  77|0x0000000089900000, 0x0000000089900000, 0x0000000089a00000|  0%| F|  |TAMS 0x0000000089900000, 0x0000000089900000| Untracked 
|  78|0x0000000089a00000, 0x0000000089a00000, 0x0000000089b00000|  0%| F|  |TAMS 0x0000000089a00000, 0x0000000089a00000| Untracked 
|  79|0x0000000089b00000, 0x0000000089b00000, 0x0000000089c00000|  0%| F|  |TAMS 0x0000000089b00000, 0x0000000089b00000| Untracked 
|  80|0x0000000089c00000, 0x0000000089c00000, 0x0000000089d00000|  0%| F|  |TAMS 0x0000000089c00000, 0x0000000089c00000| Untracked 
|  81|0x0000000089d00000, 0x0000000089d00000, 0x0000000089e00000|  0%| F|  |TAMS 0x0000000089d00000, 0x0000000089d00000| Untracked 
|  82|0x0000000089e00000, 0x0000000089e00000, 0x0000000089f00000|  0%| F|  |TAMS 0x0000000089e00000, 0x0000000089e00000| Untracked 
|  83|0x0000000089f00000, 0x0000000089f00000, 0x000000008a000000|  0%| F|  |TAMS 0x0000000089f00000, 0x0000000089f00000| Untracked 
|  84|0x000000008a000000, 0x000000008a000000, 0x000000008a100000|  0%| F|  |TAMS 0x000000008a000000, 0x000000008a000000| Untracked 
|  85|0x000000008a100000, 0x000000008a100000, 0x000000008a200000|  0%| F|  |TAMS 0x000000008a100000, 0x000000008a100000| Untracked 
|  86|0x000000008a200000, 0x000000008a200000, 0x000000008a300000|  0%| F|  |TAMS 0x000000008a200000, 0x000000008a200000| Untracked 
|  87|0x000000008a300000, 0x000000008a300000, 0x000000008a400000|  0%| F|  |TAMS 0x000000008a300000, 0x000000008a300000| Untracked 
|  88|0x000000008a400000, 0x000000008a400000, 0x000000008a500000|  0%| F|  |TAMS 0x000000008a400000, 0x000000008a400000| Untracked 
|  89|0x000000008a500000, 0x000000008a500000, 0x000000008a600000|  0%| F|  |TAMS 0x000000008a500000, 0x000000008a500000| Untracked 
|  90|0x000000008a600000, 0x000000008a600000, 0x000000008a700000|  0%| F|  |TAMS 0x000000008a600000, 0x000000008a600000| Untracked 
|  91|0x000000008a700000, 0x000000008a700000, 0x000000008a800000|  0%| F|  |TAMS 0x000000008a700000, 0x000000008a700000| Untracked 
|  92|0x000000008a800000, 0x000000008a800000, 0x000000008a900000|  0%| F|  |TAMS 0x000000008a800000, 0x000000008a800000| Untracked 
|  93|0x000000008a900000, 0x000000008a900000, 0x000000008aa00000|  0%| F|  |TAMS 0x000000008a900000, 0x000000008a900000| Untracked 
|  94|0x000000008aa00000, 0x000000008aa00000, 0x000000008ab00000|  0%| F|  |TAMS 0x000000008aa00000, 0x000000008aa00000| Untracked 
|  95|0x000000008ab00000, 0x000000008ab00000, 0x000000008ac00000|  0%| F|  |TAMS 0x000000008ab00000, 0x000000008ab00000| Untracked 
|  96|0x000000008ac00000, 0x000000008ac00000, 0x000000008ad00000|  0%| F|  |TAMS 0x000000008ac00000, 0x000000008ac00000| Untracked 
|  97|0x000000008ad00000, 0x000000008ad00000, 0x000000008ae00000|  0%| F|  |TAMS 0x000000008ad00000, 0x000000008ad00000| Untracked 
|  98|0x000000008ae00000, 0x000000008ae00000, 0x000000008af00000|  0%| F|  |TAMS 0x000000008ae00000, 0x000000008ae00000| Untracked 
|  99|0x000000008af00000, 0x000000008af00000, 0x000000008b000000|  0%| F|  |TAMS 0x000000008af00000, 0x000000008af00000| Untracked 
| 100|0x000000008b000000, 0x000000008b000000, 0x000000008b100000|  0%| F|  |TAMS 0x000000008b000000, 0x000000008b000000| Untracked 
| 101|0x000000008b100000, 0x000000008b100000, 0x000000008b200000|  0%| F|  |TAMS 0x000000008b100000, 0x000000008b100000| Untracked 
| 102|0x000000008b200000, 0x000000008b200000, 0x000000008b300000|  0%| F|  |TAMS 0x000000008b200000, 0x000000008b200000| Untracked 
| 103|0x000000008b300000, 0x000000008b300000, 0x000000008b400000|  0%| F|  |TAMS 0x000000008b300000, 0x000000008b300000| Untracked 
| 104|0x000000008b400000, 0x000000008b400000, 0x000000008b500000|  0%| F|  |TAMS 0x000000008b400000, 0x000000008b400000| Untracked 
| 105|0x000000008b500000, 0x000000008b500000, 0x000000008b600000|  0%| F|  |TAMS 0x000000008b500000, 0x000000008b500000| Untracked 
| 106|0x000000008b600000, 0x000000008b600000, 0x000000008b700000|  0%| F|  |TAMS 0x000000008b600000, 0x000000008b600000| Untracked 
| 107|0x000000008b700000, 0x000000008b700000, 0x000000008b800000|  0%| F|  |TAMS 0x000000008b700000, 0x000000008b700000| Untracked 
| 108|0x000000008b800000, 0x000000008b800000, 0x000000008b900000|  0%| F|  |TAMS 0x000000008b800000, 0x000000008b800000| Untracked 
| 109|0x000000008b900000, 0x000000008b900000, 0x000000008ba00000|  0%| F|  |TAMS 0x000000008b900000, 0x000000008b900000| Untracked 
| 110|0x000000008ba00000, 0x000000008ba00000, 0x000000008bb00000|  0%| F|  |TAMS 0x000000008ba00000, 0x000000008ba00000| Untracked 
| 111|0x000000008bb00000, 0x000000008bb00000, 0x000000008bc00000|  0%| F|  |TAMS 0x000000008bb00000, 0x000000008bb00000| Untracked 
| 112|0x000000008bc00000, 0x000000008bc00000, 0x000000008bd00000|  0%| F|  |TAMS 0x000000008bc00000, 0x000000008bc00000| Untracked 
| 113|0x000000008bd00000, 0x000000008bd00000, 0x000000008be00000|  0%| F|  |TAMS 0x000000008bd00000, 0x000000008bd00000| Untracked 
| 114|0x000000008be00000, 0x000000008be00000, 0x000000008bf00000|  0%| F|  |TAMS 0x000000008be00000, 0x000000008be00000| Untracked 
| 115|0x000000008bf00000, 0x000000008bfec0c8, 0x000000008c000000| 92%| E|  |TAMS 0x000000008bf00000, 0x000000008bf00000| Complete 
| 116|0x000000008c000000, 0x000000008c100000, 0x000000008c100000|100%| E|CS|TAMS 0x000000008c000000, 0x000000008c000000| Complete 
| 117|0x000000008c100000, 0x000000008c200000, 0x000000008c200000|100%| E|CS|TAMS 0x000000008c100000, 0x000000008c100000| Complete 
| 118|0x000000008c200000, 0x000000008c300000, 0x000000008c300000|100%| E|CS|TAMS 0x000000008c200000, 0x000000008c200000| Complete 
| 119|0x000000008c300000, 0x000000008c400000, 0x000000008c400000|100%| E|CS|TAMS 0x000000008c300000, 0x000000008c300000| Complete 
| 120|0x000000008c400000, 0x000000008c500000, 0x000000008c500000|100%| E|CS|TAMS 0x000000008c400000, 0x000000008c400000| Complete 
| 121|0x000000008c500000, 0x000000008c600000, 0x000000008c600000|100%| E|CS|TAMS 0x000000008c500000, 0x000000008c500000| Complete 
| 122|0x000000008c600000, 0x000000008c700000, 0x000000008c700000|100%| E|CS|TAMS 0x000000008c600000, 0x000000008c600000| Complete 
| 123|0x000000008c700000, 0x000000008c800000, 0x000000008c800000|100%| E|CS|TAMS 0x000000008c700000, 0x000000008c700000| Complete 

Card table byte_map: [0x0000028cfb5e0000,0x0000028cfb9c0000] _byte_map_base: 0x0000028cfb1ba000

Marking Bits (Prev, Next): (CMBitMap*) 0x0000028cfa91ff20, (CMBitMap*) 0x0000028cfa91ff60
 Prev Bits: [0x0000028cfbda0000, 0x0000028cfdc70000)
 Next Bits: [0x0000028cfdc70000, 0x0000028cffb40000)

Polling page: 0x0000028cf88b0000

Metaspace:

Usage:
  Non-class:      4.43 MB used.
      Class:    523.59 KB used.
       Both:      4.94 MB used.

Virtual space:
  Non-class space:       64.00 MB reserved,       4.50 MB (  7%) committed,  1 nodes.
      Class space:        1.00 GB reserved,     640.00 KB ( <1%) committed,  1 nodes.
             Both:        1.06 GB reserved,       5.12 MB ( <1%) committed. 

Chunk freelists:
   Non-Class:  2.89 MB
       Class:  3.25 MB
        Both:  6.14 MB

MaxMetaspaceSize: unlimited
CompressedClassSpaceSize: 1.00 GB
Initial GC threshold: 21.00 MB
Current GC threshold: 21.00 MB
CDS: on
MetaspaceReclaimPolicy: balanced
 - commit_granule_bytes: 65536.
 - commit_granule_words: 8192.
 - virtual_space_node_default_size: 8388608.
 - enlarge_chunks_in_place: 1.
 - new_chunks_are_fully_committed: 0.
 - uncommit_free_chunks: 1.
 - use_allocation_guard: 0.


Internal statistics:

num_allocs_failed_limit: 0.
num_arena_births: 110.
num_arena_deaths: 0.
num_vsnodes_births: 2.
num_vsnodes_deaths: 0.
num_space_committed: 82.
num_space_uncommitted: 0.
num_chunks_returned_to_freelist: 0.
num_chunks_taken_from_freelist: 148.
num_chunk_merges: 0.
num_chunk_splits: 81.
num_chunks_enlarged: 21.
num_inconsistent_stats: 0.

CodeHeap 'non-profiled nmethods': size=119168Kb used=224Kb max_used=224Kb free=118943Kb
 bounds [0x0000028c8f410000, 0x0000028c8f680000, 0x0000028c96870000]
CodeHeap 'profiled nmethods': size=119104Kb used=1364Kb max_used=1364Kb free=117740Kb
 bounds [0x0000028c87fc0000, 0x0000028c88230000, 0x0000028c8f410000]
CodeHeap 'non-nmethods': size=7488Kb used=2917Kb max_used=2936Kb free=4570Kb
 bounds [0x0000028c87870000, 0x0000028c87b60000, 0x0000028c87fc0000]
 total_blobs=1330 nmethods=800 adapters=440
 compilation: enabled
              stopped_count=0, restarted_count=0
 full_count=0

Compilation events (20 events):
Event: 0.273 Thread 0x0000028c9ededdd0  776   !   3       java.util.zip.Inflater::inflate (410 bytes)
Event: 0.273 Thread 0x0000028c98e62330  778       3       sun.awt.image.ImageDecoder::setPixels (58 bytes)
Event: 0.274 Thread 0x0000028c9d5931f0  779   !   3       java.util.zip.Inflater::finished (19 bytes)
Event: 0.274 Thread 0x0000028c9d5931f0 nmethod 779 0x0000028c88105f10 code [0x0000028c881060a0, 0x0000028c88106298]
Event: 0.274 Thread 0x0000028c98e62330 nmethod 778 0x0000028c88106390 code [0x0000028c88106580, 0x0000028c88106d08]
Event: 0.274 Thread 0x0000028c9ededdd0 nmethod 776 0x0000028c88107010 code [0x0000028c881072e0, 0x0000028c88108508]
Event: 0.277 Thread 0x0000028c9ededdd0  780       3       sun.awt.image.PNGImageDecoder::update_crc (41 bytes)
Event: 0.278 Thread 0x0000028c9ededdd0 nmethod 780 0x0000028c88108f90 code [0x0000028c88109140, 0x0000028c88109338]
Event: 0.278 Thread 0x0000028c9d5ec6b0 nmethod 767% 0x0000028c8f443a10 code [0x0000028c8f443ba0, 0x0000028c8f443eb8]
Event: 0.278 Thread 0x0000028c9d5ec6b0  781       4       sun.awt.image.PNGImageDecoder::filterRow (460 bytes)
Event: 0.279 Thread 0x0000028c9d8fb770  782       3       java.awt.image.ReplicateScaleFilter::setPixels (225 bytes)
Event: 0.280 Thread 0x0000028c9d8fb770 nmethod 782 0x0000028c88109490 code [0x0000028c881096a0, 0x0000028c8810a058]
Event: 0.282 Thread 0x0000028c9d8fb770  783       3       java.io.BufferedInputStream::fill (203 bytes)
Event: 0.283 Thread 0x0000028c9d5931f0  784       3       java.io.BufferedInputStream::getInIfOpen (21 bytes)
Event: 0.283 Thread 0x0000028c9d5931f0 nmethod 784 0x0000028c8810a490 code [0x0000028c8810a640, 0x0000028c8810a848]
Event: 0.283 Thread 0x0000028c9d8fb770 nmethod 783 0x0000028c8810a910 code [0x0000028c8810ab80, 0x0000028c8810b7e8]
Event: 0.286 Thread 0x0000028c98e62330  786   !   3       java.util.zip.InflaterInputStream::read (122 bytes)
Event: 0.286 Thread 0x0000028c9ededdd0  787       3       java.util.zip.InflaterInputStream::available (32 bytes)
Event: 0.287 Thread 0x0000028c98e62330 nmethod 786 0x0000028c8810bb90 code [0x0000028c8810be40, 0x0000028c8810cb98]
Event: 0.287 Thread 0x0000028c9ededdd0 nmethod 787 0x0000028c8810d190 code [0x0000028c8810d360, 0x0000028c8810d808]

GC Heap History (0 events):
No events

Deoptimization events (20 events):
Event: 0.286 Thread 0x0000028c9d8901f0 DEOPT PACKING pc=0x0000028c880ebeed sp=0x00000091abcff350
Event: 0.286 Thread 0x0000028c9d8901f0 DEOPT UNPACKING pc=0x0000028c878c2b43 sp=0x00000091abcfe7f0 mode 0
Event: 0.286 Thread 0x0000028c9d8901f0 DEOPT PACKING pc=0x0000028c880ebeed sp=0x00000091abcff350
Event: 0.286 Thread 0x0000028c9d8901f0 DEOPT UNPACKING pc=0x0000028c878c2b43 sp=0x00000091abcfe7f0 mode 0
Event: 0.286 Thread 0x0000028c9d8901f0 DEOPT PACKING pc=0x0000028c880ebeed sp=0x00000091abcff350
Event: 0.286 Thread 0x0000028c9d8901f0 DEOPT UNPACKING pc=0x0000028c878c2b43 sp=0x00000091abcfe7f0 mode 0
Event: 0.286 Thread 0x0000028c9d8901f0 DEOPT PACKING pc=0x0000028c880ebeed sp=0x00000091abcff350
Event: 0.286 Thread 0x0000028c9d8901f0 DEOPT UNPACKING pc=0x0000028c878c2b43 sp=0x00000091abcfe7f0 mode 0
Event: 0.286 Thread 0x0000028c9d8901f0 DEOPT PACKING pc=0x0000028c880ebeed sp=0x00000091abcff350
Event: 0.286 Thread 0x0000028c9d8901f0 DEOPT UNPACKING pc=0x0000028c878c2b43 sp=0x00000091abcfe7f0 mode 0
Event: 0.287 Thread 0x0000028c9d8901f0 DEOPT PACKING pc=0x0000028c880ebeed sp=0x00000091abcff350
Event: 0.287 Thread 0x0000028c9d8901f0 DEOPT UNPACKING pc=0x0000028c878c2b43 sp=0x00000091abcfe7f0 mode 0
Event: 0.287 Thread 0x0000028c9d8901f0 DEOPT PACKING pc=0x0000028c880ebeed sp=0x00000091abcff350
Event: 0.287 Thread 0x0000028c9d8901f0 DEOPT UNPACKING pc=0x0000028c878c2b43 sp=0x00000091abcfe7f0 mode 0
Event: 0.288 Thread 0x0000028c9d8901f0 DEOPT PACKING pc=0x0000028c880ebeed sp=0x00000091abcff350
Event: 0.288 Thread 0x0000028c9d8901f0 DEOPT UNPACKING pc=0x0000028c878c2b43 sp=0x00000091abcfe7f0 mode 0
Event: 0.288 Thread 0x0000028c9d8901f0 DEOPT PACKING pc=0x0000028c880ebeed sp=0x00000091abcff350
Event: 0.288 Thread 0x0000028c9d8901f0 DEOPT UNPACKING pc=0x0000028c878c2b43 sp=0x00000091abcfe7f0 mode 0
Event: 0.288 Thread 0x0000028c9d8901f0 DEOPT PACKING pc=0x0000028c880ebeed sp=0x00000091abcff350
Event: 0.288 Thread 0x0000028c9d8901f0 DEOPT UNPACKING pc=0x0000028c878c2b43 sp=0x00000091abcfe7f0 mode 0

Classes loaded (20 events):
Event: 0.255 Loading class java/awt/image/SampleModel done
Event: 0.255 Loading class java/awt/image/SinglePixelPackedSampleModel done
Event: 0.255 Loading class sun/awt/image/IntegerInterleavedRaster
Event: 0.256 Loading class sun/awt/image/IntegerComponentRaster
Event: 0.256 Loading class sun/awt/image/IntegerComponentRaster done
Event: 0.256 Loading class sun/awt/image/IntegerInterleavedRaster done
Event: 0.256 Loading class java/awt/image/BufferedImage
Event: 0.256 Loading class java/awt/image/WritableRenderedImage
Event: 0.256 Loading class java/awt/image/RenderedImage
Event: 0.256 Loading class java/awt/image/RenderedImage done
Event: 0.256 Loading class java/awt/image/WritableRenderedImage done
Event: 0.256 Loading class java/awt/image/BufferedImage done
Event: 0.256 Loading class java/awt/image/BufferedImage$1
Event: 0.256 Loading class java/awt/image/BufferedImage$1 done
Event: 0.271 Loading class java/awt/image/ReplicateScaleFilter
Event: 0.271 Loading class java/awt/image/ImageFilter
Event: 0.271 Loading class java/awt/image/ImageFilter done
Event: 0.271 Loading class java/awt/image/ReplicateScaleFilter done
Event: 0.271 Loading class java/awt/image/FilteredImageSource
Event: 0.271 Loading class java/awt/image/FilteredImageSource done

Classes unloaded (0 events):
No events

Classes redefined (0 events):
No events

Internal exceptions (15 events):
Event: 0.069 Thread 0x0000028cfa8c0830 Exception <a 'sun/nio/fs/WindowsException'{0x000000008c636f68}> (0x000000008c636f68) 
thrown [s\open\src\hotspot\share\prims\jni.cpp, line 516]
Event: 0.069 Thread 0x0000028cfa8c0830 Exception <a 'sun/nio/fs/WindowsException'{0x000000008c6374f0}> (0x000000008c6374f0) 
thrown [s\open\src\hotspot\share\prims\jni.cpp, line 516]
Event: 0.070 Thread 0x0000028cfa8c0830 Exception <a 'sun/nio/fs/WindowsException'{0x000000008c639998}> (0x000000008c639998) 
thrown [s\open\src\hotspot\share\prims\jni.cpp, line 516]
Event: 0.070 Thread 0x0000028cfa8c0830 Exception <a 'sun/nio/fs/WindowsException'{0x000000008c63a4c8}> (0x000000008c63a4c8) 
thrown [s\open\src\hotspot\share\prims\jni.cpp, line 516]
Event: 0.095 Thread 0x0000028cfa8c0830 Exception <a 'java/lang/ClassNotFoundException'{0x000000008c56f568}: sun/awt/resources/spi/awtProvider> (0x000000008c56f568) 
thrown [s\open\src\hotspot\share\classfile\systemDictionary.cpp, line 255]
Event: 0.111 Thread 0x0000028cfa8c0830 Exception <a 'java/io/FileNotFoundException'{0x000000008c5c4c20}> (0x000000008c5c4c20) 
thrown [s\open\src\hotspot\share\prims\jni.cpp, line 516]
Event: 0.116 Thread 0x0000028cfa8c0830 Exception <a 'java/io/FileNotFoundException'{0x000000008c5f1e88}> (0x000000008c5f1e88) 
thrown [s\open\src\hotspot\share\prims\jni.cpp, line 516]
Event: 0.151 Thread 0x0000028cfa8c0830 Exception <a 'java/lang/NoSuchMethodError'{0x000000008c4366c0}: 'java.lang.Object java.lang.invoke.DirectMethodHandle$Holder.invokeStaticInit(java.lang.Object)'> (0x000000008c4366c0) 
thrown [s\open\src\hotspot\share\interpreter\linkResolver.cpp, line 766]
Event: 0.178 Thread 0x0000028cfa8c0830 Exception <a 'java/lang/NoSuchMethodError'{0x000000008c4f59d0}: 'void java.lang.invoke.DirectMethodHandle$Holder.invokeSpecial(java.lang.Object, java.lang.Object, java.lang.Object)'> (0x000000008c4f59d0) 
thrown [s\open\src\hotspot\share\interpreter\linkResolver.cpp, line 766]
Event: 0.184 Thread 0x0000028cfa8c0830 Exception <a 'java/lang/NoSuchMethodError'{0x000000008c320de0}: 'java.lang.Object java.lang.invoke.DirectMethodHandle$Holder.newInvokeSpecial(java.lang.Object, java.lang.Object, java.lang.Object, java.lang.Object, java.lang.Object)'> (0x000000008c320de0) 
thrown [s\open\src\hotspot\share\interpreter\linkResolver.cpp, line 766]
Event: 0.189 Thread 0x0000028cfa8c0830 Exception <a 'java/lang/NoSuchMethodError'{0x000000008c3528f0}: 'java.lang.Object java.lang.invoke.DirectMethodHandle$Holder.invokeStatic(java.lang.Object, int, java.lang.Object)'> (0x000000008c3528f0) 
thrown [s\open\src\hotspot\share\interpreter\linkResolver.cpp, line 766]
Event: 0.206 Thread 0x0000028cfa8c0830 Exception <a 'java/lang/ClassNotFoundException'{0x000000008c223840}: com/sun/swing/internal/plaf/metal/resources/spi/metalProvider> (0x000000008c223840) 
thrown [s\open\src\hotspot\share\classfile\systemDictionary.cpp, line 255]
Event: 0.207 Thread 0x0000028cfa8c0830 Exception <a 'java/lang/ClassNotFoundException'{0x000000008c2278c8}: com/sun/swing/internal/plaf/basic/resources/spi/basicProvider> (0x000000008c2278c8) 
thrown [s\open\src\hotspot\share\classfile\systemDictionary.cpp, line 255]
Event: 0.215 Thread 0x0000028cfa8c0830 Exception <a 'java/lang/NoSuchMethodError'{0x000000008c247d28}: 'int java.lang.invoke.Invokers$Holder.invokeExact_MT(java.lang.Object, java.lang.Object)'> (0x000000008c247d28) 
thrown [s\open\src\hotspot\share\interpreter\linkResolver.cpp, line 766]
Event: 0.251 Thread 0x0000028c9d8901f0 Exception <a 'java/lang/NoSuchMethodError'{0x000000008c00afc8}: 'java.lang.Object java.lang.invoke.DirectMethodHandle$Holder.newInvokeSpecial(java.lang.Object, java.lang.Object, java.lang.Object, int, int, int, int, int)'> (0x000000008c00afc8) 
thrown [s\open\src\hotspot\share\interpreter\linkResolver.cpp, line 766]

VM Operations (4 events):
Event: 0.071 Executing VM operation: HandshakeAllThreads
Event: 0.071 Executing VM operation: HandshakeAllThreads done
Event: 0.271 Executing VM operation: HandshakeAllThreads
Event: 0.271 Executing VM operation: HandshakeAllThreads done

Events (20 events):
Event: 0.038 Thread 0x0000028c98e58c90 Thread added: 0x0000028c98e58c90
Event: 0.038 Thread 0x0000028c98e5b550 Thread added: 0x0000028c98e5b550
Event: 0.038 Thread 0x0000028c98e5e540 Thread added: 0x0000028c98e5e540
Event: 0.038 Thread 0x0000028c98e62330 Thread added: 0x0000028c98e62330
Event: 0.038 Thread 0x0000028c98e62c20 Thread added: 0x0000028c98e62c20
Event: 0.056 Thread 0x0000028c98e2aaa0 Thread added: 0x0000028c98e2aaa0
Event: 0.062 Thread 0x0000028c9d5931f0 Thread added: 0x0000028c9d5931f0
Event: 0.065 Loaded shared library C:\Program Files\Java\jdk-18.0.1.1\bin\net.dll
Event: 0.067 Loaded shared library C:\Program Files\Java\jdk-18.0.1.1\bin\nio.dll
Event: 0.075 Thread 0x0000028c9d5ec6b0 Thread added: 0x0000028c9d5ec6b0
Event: 0.078 Thread 0x0000028c9d6a72f0 Thread added: 0x0000028c9d6a72f0
Event: 0.084 Loaded shared library C:\Program Files\Java\jdk-18.0.1.1\bin\zip.dll
Event: 0.091 Loaded shared library C:\Program Files\Java\jdk-18.0.1.1\bin\jimage.dll
Event: 0.101 Loaded shared library C:\Program Files\Java\jdk-18.0.1.1\bin\awt.dll
Event: 0.152 Thread 0x0000028c9d7ed310 Thread added: 0x0000028c9d7ed310
Event: 0.153 Thread 0x0000028c9d84b840 Thread added: 0x0000028c9d84b840
Event: 0.154 Thread 0x0000028c9d84c110 Thread added: 0x0000028c9d84c110
Event: 0.221 Thread 0x0000028c9d8901f0 Thread added: 0x0000028c9d8901f0
Event: 0.236 Thread 0x0000028c9d8fb770 Thread added: 0x0000028c9d8fb770
Event: 0.237 Thread 0x0000028c9ededdd0 Thread added: 0x0000028c9ededdd0


Dynamic libraries:
0x00007ff707770000 - 0x00007ff707780000 	C:\Program Files\Java\jdk-18.0.1.1\bin\java.exe
0x00007ffb9d290000 - 0x00007ffb9d4a4000 	C:\WINDOWS\SYSTEM32\ntdll.dll
0x00007ffb9c4a0000 - 0x00007ffb9c562000 	C:\WINDOWS\System32\KERNEL32.DLL
0x00007ffb9a6e0000 - 0x00007ffb9aa83000 	C:\WINDOWS\System32\KERNELBASE.dll
0x00007ffb9aa90000 - 0x00007ffb9aba1000 	C:\WINDOWS\System32\ucrtbase.dll
0x00007ffb8ff90000 - 0x00007ffb8ffaa000 	C:\Program Files\Java\jdk-18.0.1.1\bin\VCRUNTIME140.dll
0x00007ffb932e0000 - 0x00007ffb932f8000 	C:\Program Files\Java\jdk-18.0.1.1\bin\jli.dll
0x00007ffb9cd40000 - 0x00007ffb9cdee000 	C:\WINDOWS\System32\ADVAPI32.dll
0x00007ffb9cc90000 - 0x00007ffb9cd37000 	C:\WINDOWS\System32\msvcrt.dll
0x00007ffb9b7f0000 - 0x00007ffb9b894000 	C:\WINDOWS\System32\sechost.dll
0x00007ffb9cb70000 - 0x00007ffb9cc87000 	C:\WINDOWS\System32\RPCRT4.dll
0x00007ffb9c620000 - 0x00007ffb9c7cb000 	C:\WINDOWS\System32\USER32.dll
0x00007ffb9a6b0000 - 0x00007ffb9a6d6000 	C:\WINDOWS\System32\win32u.dll
0x00007ffb868b0000 - 0x00007ffb86b3e000 	C:\WINDOWS\WinSxS\amd64_microsoft.windows.common-controls_6595b64144ccf1df_6.0.22621.1635_none_270f70857386168e\COMCTL32.dll
0x00007ffb9c9a0000 - 0x00007ffb9c9c9000 	C:\WINDOWS\System32\GDI32.dll
0x00007ffb9ad10000 - 0x00007ffb9ae28000 	C:\WINDOWS\System32\gdi32full.dll
0x00007ffb9abb0000 - 0x00007ffb9ac4a000 	C:\WINDOWS\System32\msvcp_win.dll
0x00007ffb8f600000 - 0x00007ffb8f60a000 	C:\WINDOWS\SYSTEM32\VERSION.dll
0x00007ffb9d200000 - 0x00007ffb9d231000 	C:\WINDOWS\System32\IMM32.DLL
0x00007ffb93f70000 - 0x00007ffb93f7c000 	C:\Program Files\Java\jdk-18.0.1.1\bin\vcruntime140_1.dll
0x00007ffb84a80000 - 0x00007ffb84b0d000 	C:\Program Files\Java\jdk-18.0.1.1\bin\msvcp140.dll
0x00007ffb58270000 - 0x00007ffb58e80000 	C:\Program Files\Java\jdk-18.0.1.1\bin\server\jvm.dll
0x00007ffb9cdf0000 - 0x00007ffb9cdf8000 	C:\WINDOWS\System32\PSAPI.DLL
0x00007ffb93f80000 - 0x00007ffb93f89000 	C:\WINDOWS\SYSTEM32\WSOCK32.dll
0x00007ffb9c410000 - 0x00007ffb9c481000 	C:\WINDOWS\System32\WS2_32.dll
0x00007ffb93120000 - 0x00007ffb93154000 	C:\WINDOWS\SYSTEM32\WINMM.dll
0x00007ffb996d0000 - 0x00007ffb996e8000 	C:\WINDOWS\SYSTEM32\kernel.appcore.dll
0x00007ffb91430000 - 0x00007ffb9143a000 	C:\Program Files\Java\jdk-18.0.1.1\bin\jimage.dll
0x00007ffb98210000 - 0x00007ffb9843e000 	C:\WINDOWS\SYSTEM32\DBGHELP.DLL
0x00007ffb9ce60000 - 0x00007ffb9d1e9000 	C:\WINDOWS\System32\combase.dll
0x00007ffb9b920000 - 0x00007ffb9b9f7000 	C:\WINDOWS\System32\OLEAUT32.dll
0x00007ffb90700000 - 0x00007ffb90732000 	C:\WINDOWS\SYSTEM32\dbgcore.DLL
0x00007ffb9ae30000 - 0x00007ffb9aeab000 	C:\WINDOWS\System32\bcryptPrimitives.dll
0x00007ffb8f5a0000 - 0x00007ffb8f5c5000 	C:\Program Files\Java\jdk-18.0.1.1\bin\java.dll
0x00007ffb870b0000 - 0x00007ffb87186000 	C:\Program Files\Java\jdk-18.0.1.1\bin\jsvml.dll
0x00007ffb9ba00000 - 0x00007ffb9c1fa000 	C:\WINDOWS\System32\SHELL32.dll
0x00007ffb98660000 - 0x00007ffb98f2e000 	C:\WINDOWS\SYSTEM32\windows.storage.dll
0x00007ffb98520000 - 0x00007ffb9865e000 	C:\WINDOWS\SYSTEM32\wintypes.dll
0x00007ffb9b6f0000 - 0x00007ffb9b7e1000 	C:\WINDOWS\System32\SHCORE.dll
0x00007ffb9ce00000 - 0x00007ffb9ce5e000 	C:\WINDOWS\System32\shlwapi.dll
0x00007ffb9a5e0000 - 0x00007ffb9a601000 	C:\WINDOWS\SYSTEM32\profapi.dll
0x00007ffb8ff30000 - 0x00007ffb8ff43000 	C:\Program Files\Java\jdk-18.0.1.1\bin\net.dll
0x00007ffb94500000 - 0x00007ffb94637000 	C:\WINDOWS\SYSTEM32\WINHTTP.dll
0x00007ffb99b70000 - 0x00007ffb99bd9000 	C:\WINDOWS\system32\mswsock.dll
0x00007ffb8f060000 - 0x00007ffb8f076000 	C:\Program Files\Java\jdk-18.0.1.1\bin\nio.dll
0x00007ffb8ef50000 - 0x00007ffb8ef68000 	C:\Program Files\Java\jdk-18.0.1.1\bin\zip.dll
0x00007ffb80280000 - 0x00007ffb8040f000 	C:\Program Files\Java\jdk-18.0.1.1\bin\awt.dll
0x00007ffb92fd0000 - 0x00007ffb93067000 	C:\WINDOWS\SYSTEM32\apphelp.dll
0x00007ffb979c0000 - 0x00007ffb979eb000 	C:\WINDOWS\system32\DWMAPI.DLL
0x00007ffb97680000 - 0x00007ffb9772b000 	C:\WINDOWS\system32\uxtheme.dll
0x00007ffb7e690000 - 0x00007ffb7e790000 	C:\WINDOWS\system32\opengl32.dll
0x00007ffb912d0000 - 0x00007ffb912fd000 	C:\WINDOWS\SYSTEM32\GLU32.dll
0x00007ffb97780000 - 0x00007ffb977b6000 	C:\WINDOWS\SYSTEM32\dxcore.dll
0x00007ffb9c200000 - 0x00007ffb9c31e000 	C:\WINDOWS\System32\MSCTF.dll
0x00007ffb9c9d0000 - 0x00007ffb9cb6c000 	C:\WINDOWS\System32\ole32.dll

dbghelp: loaded successfully - version: 4.0.5 - missing functions: none
symbol engine: initialized successfully - sym options: 0x614 - pdb path: .;C:\Program Files\Java\jdk-18.0.1.1\bin;C:\WINDOWS\SYSTEM32;C:\WINDOWS\WinSxS\amd64_microsoft.windows.common-controls_6595b64144ccf1df_6.0.22621.1635_none_270f70857386168e;C:\Program Files\Java\jdk-18.0.1.1\bin\server

VM Arguments:
jvm_args: -Dfile.encoding=UTF-8 --module-path=C:\Users\Charan\Documents\NetBeansProjects\Travel Management System\build\classes 
java_command: travel.management.system.Dashboard
java_class_path (initial): C:\Users\Charan\Documents\NetBeansProjects\ATM Simulation System\mysql-connector-java-8.0.28.jar;C:\Users\Charan\Documents\NetBeansProjects\Travel Management System\build\classes
Launcher Type: SUN_STANDARD

[Global flags]
     intx CICompilerCount                          = 12                                        {product} {ergonomic}
     uint ConcGCThreads                            = 3                                         {product} {ergonomic}
     uint G1ConcRefinementThreads                  = 13                                        {product} {ergonomic}
   size_t G1HeapRegionSize                         = 1048576                                   {product} {ergonomic}
    uintx GCDrainStackTargetSize                   = 64                                        {product} {ergonomic}
   size_t InitialHeapSize                          = 130023424                                 {product} {ergonomic}
   size_t MarkStackSize                            = 4194304                                   {product} {ergonomic}
   size_t MaxHeapSize                              = 2067791872                                {product} {ergonomic}
   size_t MaxNewSize                               = 1240465408                                {product} {ergonomic}
   size_t MinHeapDeltaBytes                        = 1048576                                   {product} {ergonomic}
   size_t MinHeapSize                              = 8388608                                   {product} {ergonomic}
    uintx NonNMethodCodeHeapSize                   = 7602480                                {pd product} {ergonomic}
    uintx NonProfiledCodeHeapSize                  = 122027880                              {pd product} {ergonomic}
    uintx ProfiledCodeHeapSize                     = 122027880                              {pd product} {ergonomic}
    uintx ReservedCodeCacheSize                    = 251658240                              {pd product} {ergonomic}
     bool SegmentedCodeCache                       = true                                      {product} {ergonomic}
   size_t SoftMaxHeapSize                          = 2067791872                             {manageable} {ergonomic}
     bool UseCompressedClassPointers               = true                           {product lp64_product} {ergonomic}
     bool UseCompressedOops                        = true                           {product lp64_product} {ergonomic}
     bool UseG1GC                                  = true                                      {product} {ergonomic}
     bool UseLargePagesIndividualAllocation        = false                                  {pd product} {ergonomic}

Logging:
Log output configuration:
 #0: stdout all=warning uptime,level,tags foldmultilines=false
 #1: stderr all=off uptime,level,tags foldmultilines=false

Environment Variables:
PATH=C:\Python311\Scripts\;C:\Python311\;D:\app2\Charan\product\11.2.0\dbhome_1\bin;D:\app1\Charan\product\11.2.0\dbhome_1\bin;D:\app\Charan\product\11.2.0\dbhome_1\bin;C:\Program Files (x86)\Common Files\Intel\Shared Libraries\redist\intel64\compiler;C:\Program Files\Common Files\Oracle\Java\javapath;C:\MinGW\bin;C:\WINDOWS\system32;C:\WINDOWS;C:\WINDOWS\System32\Wbem;C:\WINDOWS\System32\WindowsPowerShell\v1.0\;C:\WINDOWS\System32\OpenSSH\;C:\Program Files\Git\cmd;C:\Program Files\nodejs\;C:\ProgramData\chocolatey\bin;c:\Program Files (x86)\Microsoft SQL Server\100\Tools\Binn\;c:\Program Files\Microsoft SQL Server\100\Tools\Binn\;c:\Program Files\Microsoft SQL Server\100\DTS\Binn\;C:\Users\Charan\AppData\Local\Programs\Python\Python310\Scripts\;C:\Users\Charan\AppData\Local\Programs\Python\Python310\;C:\Users\Charan\AppData\Local\Microsoft\WindowsApps;C:\Users\Charan\AppData\Local\GitHubDesktop\bin;C:\Users\Charan\AppData\Roaming\npm;C:\xampp\php;D:\xampp;C:\Program Files (x86)\Microsoft VS Code\bin;C:\msys64\mingw64\bin;
USERNAME=Charan
OS=Windows_NT
PROCESSOR_IDENTIFIER=Intel64 Family 6 Model 154 Stepping 3, GenuineIntel



---------------  S Y S T E M  ---------------

OS:
 Windows 11 , 64 bit Build 22621 (10.0.22621.1635)
OS uptime: 26 days 10:07 hours
Hyper-V role detected

CPU: total 16 (initial active 16) (8 cores per cpu, 2 threads per core) family 6 model 154 stepping 3 microcode 0x418, cx8, cmov, fxsr, ht, mmx, 3dnowpref, sse, sse2, sse3, ssse3, sse4.1, sse4.2, popcnt, lzcnt, tsc, tscinvbit, avx, avx2, aes, erms, clmul, bmi1, bmi2, adx, sha, fma, vzeroupper, clflush, clflushopt, clwb, hv, serialize

Memory: 4k page, system-wide physical 7886M (1236M free)
TotalPageFile size 32462M (AvailPageFile size 5M)
current process WorkingSet (physical memory assigned to process): 57M, peak: 57M
current process commit charge ("private bytes"): 230M, peak: 230M

vm_info: Java HotSpot(TM) 64-Bit Server VM (18.0.1.1+2-6) for windows-amd64 JRE (18.0.1.1+2-6), built on Apr 25 2022 21:53:15 by "mach5one" with MS VC++ 16.8 / 16.9 (VS2019)

END.
