#
# There is insufficient memory for the Java Runtime Environment to continue.
# Native memory allocation (malloc) failed to allocate 32744 bytes for Chunk::new
# Possible reasons:
#   The system is out of physical RAM or swap space
#   The process is running with CompressedOops enabled, and the Java Heap may be blocking the growth of the native heap
# Possible solutions:
#   Reduce memory load on the system
#   Increase physical memory or swap space
#   Check if swap backing store is full
#   Decrease Java heap size (-Xmx/-Xms)
#   Decrease number of Java threads
#   Decrease Java thread stack sizes (-Xss)
#   Set larger code cache with -XX:ReservedCodeCacheSize=
#   JVM is running with Unscaled Compressed Oops mode in which the Java heap is
#     placed in the first 4GB address space. The Java Heap base address is the
#     maximum limit for the native heap growth. Please use -XX:HeapBaseMinAddress
#     to set the Java Heap base and to place the Java Heap above 4GB virtual address.
# This output file may be truncated or incomplete.
#
#  Out of Memory Error (arena.cpp:184), pid=1744, tid=18276
#
# JRE version: Java(TM) SE Runtime Environment (18.0.1.1+2) (build 18.0.1.1+2-6)
# Java VM: Java HotSpot(TM) 64-Bit Server VM (18.0.1.1+2-6, mixed mode, tiered, compressed oops, compressed class ptrs, g1 gc, windows-amd64)
# No core dump will be written. Minidumps are not enabled by default on client versions of Windows
#

---------------  S U M M A R Y ------------

Command Line: -Dfile.encoding=UTF-8 --module-path=C:\Users\Charan\Documents\NetBeansProjects\Travel Management System\build\classes travel.management.system.Dashboard

Host: 12th Gen Intel(R) Core(TM) i5-1240P, 16 cores, 7G,  Windows 11 , 64 bit Build 22621 (10.0.22621.1635)
Time: Sat Jun 10 23:06:50 2023 India Standard Time elapsed time: 0.176031 seconds (0d 0h 0m 0s)

---------------  T H R E A D  ---------------

Current thread (0x00000230195f9f70):  JavaThread "C1 CompilerThread3" daemon [_thread_in_vm, id=18276, stack(0x00000035f1700000,0x00000035f1800000)]


Current CompileTask:
C1:    176  202       3       java.util.Optional::orElse (16 bytes)

Stack: [0x00000035f1700000,0x00000035f1800000]
Native frames: (J=compiled Java code, j=interpreted, Vv=VM code, C=native code)
V  [jvm.dll+0x69887a]
V  [jvm.dll+0x7f38bd]
V  [jvm.dll+0x7f51ce]
V  [jvm.dll+0x7f5883]
V  [jvm.dll+0x25ca3f]
V  [jvm.dll+0xb8c2f]
V  [jvm.dll+0xb8fa5]
V  [jvm.dll+0x1ec96b]
V  [jvm.dll+0x1d89cb]
V  [jvm.dll+0x23e76d]
V  [jvm.dll+0x23cbb5]
V  [jvm.dll+0x7a5fb1]
V  [jvm.dll+0x7a03ea]
V  [jvm.dll+0x697725]
C  [ucrtbase.dll+0x29363]
C  [KERNEL32.DLL+0x126ad]
C  [ntdll.dll+0x5a9f8]


---------------  P R O C E S S  ---------------

Threads class SMR info:
_java_thread_list=0x00000230195cea20, length=14, elements={
0x000002307671dfa0, 0x00000230152a7010, 0x00000230152a98d0, 0x00000230152c78e0,
0x00000230152c8190, 0x00000230152c8a40, 0x00000230152cc7f0, 0x00000230152cd3d0,
0x00000230152cdcc0, 0x00000230152ce5b0, 0x000002301953beb0, 0x00000230194e1c10,
0x00000230195f9a70, 0x00000230195f9f70
}

Java Threads: ( => current thread )
  0x000002307671dfa0 JavaThread "main" [_thread_in_vm, id=20280, stack(0x00000035f0400000,0x00000035f0500000)]
  0x00000230152a7010 JavaThread "Reference Handler" daemon [_thread_blocked, id=26488, stack(0x00000035f0b00000,0x00000035f0c00000)]
  0x00000230152a98d0 JavaThread "Finalizer" daemon [_thread_blocked, id=23304, stack(0x00000035f0c00000,0x00000035f0d00000)]
  0x00000230152c78e0 JavaThread "Signal Dispatcher" daemon [_thread_blocked, id=27584, stack(0x00000035f0d00000,0x00000035f0e00000)]
  0x00000230152c8190 JavaThread "Attach Listener" daemon [_thread_blocked, id=19904, stack(0x00000035f0e00000,0x00000035f0f00000)]
  0x00000230152c8a40 JavaThread "Service Thread" daemon [_thread_blocked, id=5164, stack(0x00000035f0f00000,0x00000035f1000000)]
  0x00000230152cc7f0 JavaThread "Monitor Deflation Thread" daemon [_thread_blocked, id=29620, stack(0x00000035f1000000,0x00000035f1100000)]
  0x00000230152cd3d0 JavaThread "C2 CompilerThread0" daemon [_thread_in_native, id=21996, stack(0x00000035f1100000,0x00000035f1200000)]
  0x00000230152cdcc0 JavaThread "C1 CompilerThread0" daemon [_thread_blocked, id=26544, stack(0x00000035f1200000,0x00000035f1300000)]
  0x00000230152ce5b0 JavaThread "Sweeper thread" daemon [_thread_blocked, id=1136, stack(0x00000035f1300000,0x00000035f1400000)]
  0x000002301953beb0 JavaThread "Common-Cleaner" daemon [_thread_blocked, id=19220, stack(0x00000035f1400000,0x00000035f1500000)]
  0x00000230194e1c10 JavaThread "C1 CompilerThread1" daemon [_thread_in_vm, id=14676, stack(0x00000035f1500000,0x00000035f1600000)]
  0x00000230195f9a70 JavaThread "C1 CompilerThread2" daemon [_thread_blocked, id=24540, stack(0x00000035f1600000,0x00000035f1700000)]
=>0x00000230195f9f70 JavaThread "C1 CompilerThread3" daemon [_thread_in_vm, id=18276, stack(0x00000035f1700000,0x00000035f1800000)]

Other Threads:
  0x00000230767a1430 VMThread "VM Thread" [stack: 0x00000035f0a00000,0x00000035f0b00000] [id=22760]
  0x000002307677d310 WorkerThread "GC Thread#0" [stack: 0x00000035f0500000,0x00000035f0600000] [id=29496]
  0x000002307678f950 ConcurrentGCThread "G1 Main Marker" [stack: 0x00000035f0600000,0x00000035f0700000] [id=28096]
  0x00000230767909f0 WorkerThread "G1 Conc#0" [stack: 0x00000035f0700000,0x00000035f0800000] [id=9092]
  0x00000230150eb550 ConcurrentGCThread "G1 Refine#0" [stack: 0x00000035f0800000,0x00000035f0900000] [id=29488]
  0x00000230150ecc20 ConcurrentGCThread "G1 Service" [stack: 0x00000035f0900000,0x00000035f0a00000] [id=10020]

Threads with active compile tasks:
C2 CompilerThread0      184  191       4       java.util.HashMap::putVal (300 bytes)
C1 CompilerThread1      184  203       3       java.lang.StringBuilder::append (8 bytes)
C1 CompilerThread3      184  202       3       java.util.Optional::orElse (16 bytes)

VM state: not at safepoint (normal execution)

VM Mutex/Monitor currently owned by a thread:  ([mutex/lock_event])
[0x0000023076717bf0] Metaspace_lock - owner thread: 0x000002307671dfa0

Heap address: 0x0000000084c00000, size: 1972 MB, Compressed Oops mode: 32-bit

CDS archive(s) not mapped
Compressed class space mapped at: 0x0000000100000000-0x0000000140000000, reserved size: 1073741824
Narrow klass base: 0x0000000000000000, Narrow klass shift: 3, Narrow klass range: 0x140000000

GC Precious Log:
 CardTable entry size: 512
 Card Set container configuration: InlinePtr #cards 5 size 8 Array Of Cards #cards 12 size 40 Howl #buckets 4 coarsen threshold 1843 Howl Bitmap #cards 512 size 80 coarsen threshold 460 Card regions per heap region 1 cards per card region 2048
 CPUs: 16 total, 16 available
 Memory: 7886M
 Large Page Support: Disabled
 NUMA Support: Disabled
 Compressed Oops: Enabled (32-bit)
 Heap Region Size: 1M
 Heap Min Capacity: 8M
 Heap Initial Capacity: 124M
 Heap Max Capacity: 1972M
 Pre-touch: Disabled
 Parallel Workers: 13
 Concurrent Workers: 3
 Concurrent Refinement Workers: 13
 Periodic GC: Disabled

Heap:
 garbage-first heap   total 126976K, used 1024K [0x0000000084c00000, 0x0000000100000000)
  region size 1024K, 2 young (2048K), 0 survivors (0K)
 Metaspace       used 5723K, committed 5824K, reserved 1114112K
  class space    used 474K, committed 512K, reserved 1048576K

Heap Regions: E=young(eden), S=young(survivor), O=old, HS=humongous(starts), HC=humongous(continues), CS=collection set, F=free, OA=open archive, CA=closed archive, TAMS=top-at-mark-start (previous, next)
|   0|0x0000000084c00000, 0x0000000084c00000, 0x0000000084d00000|  0%| F|  |TAMS 0x0000000084c00000, 0x0000000084c00000| Untracked 
|   1|0x0000000084d00000, 0x0000000084d00000, 0x0000000084e00000|  0%| F|  |TAMS 0x0000000084d00000, 0x0000000084d00000| Untracked 
|   2|0x0000000084e00000, 0x0000000084e00000, 0x0000000084f00000|  0%| F|  |TAMS 0x0000000084e00000, 0x0000000084e00000| Untracked 
|   3|0x0000000084f00000, 0x0000000084f00000, 0x0000000085000000|  0%| F|  |TAMS 0x0000000084f00000, 0x0000000084f00000| Untracked 
|   4|0x0000000085000000, 0x0000000085000000, 0x0000000085100000|  0%| F|  |TAMS 0x0000000085000000, 0x0000000085000000| Untracked 
|   5|0x0000000085100000, 0x0000000085100000, 0x0000000085200000|  0%| F|  |TAMS 0x0000000085100000, 0x0000000085100000| Untracked 
|   6|0x0000000085200000, 0x0000000085200000, 0x0000000085300000|  0%| F|  |TAMS 0x0000000085200000, 0x0000000085200000| Untracked 
|   7|0x0000000085300000, 0x0000000085300000, 0x0000000085400000|  0%| F|  |TAMS 0x0000000085300000, 0x0000000085300000| Untracked 
|   8|0x0000000085400000, 0x0000000085400000, 0x0000000085500000|  0%| F|  |TAMS 0x0000000085400000, 0x0000000085400000| Untracked 
|   9|0x0000000085500000, 0x0000000085500000, 0x0000000085600000|  0%| F|  |TAMS 0x0000000085500000, 0x0000000085500000| Untracked 
|  10|0x0000000085600000, 0x0000000085600000, 0x0000000085700000|  0%| F|  |TAMS 0x0000000085600000, 0x0000000085600000| Untracked 
|  11|0x0000000085700000, 0x0000000085700000, 0x0000000085800000|  0%| F|  |TAMS 0x0000000085700000, 0x0000000085700000| Untracked 
|  12|0x0000000085800000, 0x0000000085800000, 0x0000000085900000|  0%| F|  |TAMS 0x0000000085800000, 0x0000000085800000| Untracked 
|  13|0x0000000085900000, 0x0000000085900000, 0x0000000085a00000|  0%| F|  |TAMS 0x0000000085900000, 0x0000000085900000| Untracked 
|  14|0x0000000085a00000, 0x0000000085a00000, 0x0000000085b00000|  0%| F|  |TAMS 0x0000000085a00000, 0x0000000085a00000| Untracked 
|  15|0x0000000085b00000, 0x0000000085b00000, 0x0000000085c00000|  0%| F|  |TAMS 0x0000000085b00000, 0x0000000085b00000| Untracked 
|  16|0x0000000085c00000, 0x0000000085c00000, 0x0000000085d00000|  0%| F|  |TAMS 0x0000000085c00000, 0x0000000085c00000| Untracked 
|  17|0x0000000085d00000, 0x0000000085d00000, 0x0000000085e00000|  0%| F|  |TAMS 0x0000000085d00000, 0x0000000085d00000| Untracked 
|  18|0x0000000085e00000, 0x0000000085e00000, 0x0000000085f00000|  0%| F|  |TAMS 0x0000000085e00000, 0x0000000085e00000| Untracked 
|  19|0x0000000085f00000, 0x0000000085f00000, 0x0000000086000000|  0%| F|  |TAMS 0x0000000085f00000, 0x0000000085f00000| Untracked 
|  20|0x0000000086000000, 0x0000000086000000, 0x0000000086100000|  0%| F|  |TAMS 0x0000000086000000, 0x0000000086000000| Untracked 
|  21|0x0000000086100000, 0x0000000086100000, 0x0000000086200000|  0%| F|  |TAMS 0x0000000086100000, 0x0000000086100000| Untracked 
|  22|0x0000000086200000, 0x0000000086200000, 0x0000000086300000|  0%| F|  |TAMS 0x0000000086200000, 0x0000000086200000| Untracked 
|  23|0x0000000086300000, 0x0000000086300000, 0x0000000086400000|  0%| F|  |TAMS 0x0000000086300000, 0x0000000086300000| Untracked 
|  24|0x0000000086400000, 0x0000000086400000, 0x0000000086500000|  0%| F|  |TAMS 0x0000000086400000, 0x0000000086400000| Untracked 
|  25|0x0000000086500000, 0x0000000086500000, 0x0000000086600000|  0%| F|  |TAMS 0x0000000086500000, 0x0000000086500000| Untracked 
|  26|0x0000000086600000, 0x0000000086600000, 0x0000000086700000|  0%| F|  |TAMS 0x0000000086600000, 0x0000000086600000| Untracked 
|  27|0x0000000086700000, 0x0000000086700000, 0x0000000086800000|  0%| F|  |TAMS 0x0000000086700000, 0x0000000086700000| Untracked 
|  28|0x0000000086800000, 0x0000000086800000, 0x0000000086900000|  0%| F|  |TAMS 0x0000000086800000, 0x0000000086800000| Untracked 
|  29|0x0000000086900000, 0x0000000086900000, 0x0000000086a00000|  0%| F|  |TAMS 0x0000000086900000, 0x0000000086900000| Untracked 
|  30|0x0000000086a00000, 0x0000000086a00000, 0x0000000086b00000|  0%| F|  |TAMS 0x0000000086a00000, 0x0000000086a00000| Untracked 
|  31|0x0000000086b00000, 0x0000000086b00000, 0x0000000086c00000|  0%| F|  |TAMS 0x0000000086b00000, 0x0000000086b00000| Untracked 
|  32|0x0000000086c00000, 0x0000000086c00000, 0x0000000086d00000|  0%| F|  |TAMS 0x0000000086c00000, 0x0000000086c00000| Untracked 
|  33|0x0000000086d00000, 0x0000000086d00000, 0x0000000086e00000|  0%| F|  |TAMS 0x0000000086d00000, 0x0000000086d00000| Untracked 
|  34|0x0000000086e00000, 0x0000000086e00000, 0x0000000086f00000|  0%| F|  |TAMS 0x0000000086e00000, 0x0000000086e00000| Untracked 
|  35|0x0000000086f00000, 0x0000000086f00000, 0x0000000087000000|  0%| F|  |TAMS 0x0000000086f00000, 0x0000000086f00000| Untracked 
|  36|0x0000000087000000, 0x0000000087000000, 0x0000000087100000|  0%| F|  |TAMS 0x0000000087000000, 0x0000000087000000| Untracked 
|  37|0x0000000087100000, 0x0000000087100000, 0x0000000087200000|  0%| F|  |TAMS 0x0000000087100000, 0x0000000087100000| Untracked 
|  38|0x0000000087200000, 0x0000000087200000, 0x0000000087300000|  0%| F|  |TAMS 0x0000000087200000, 0x0000000087200000| Untracked 
|  39|0x0000000087300000, 0x0000000087300000, 0x0000000087400000|  0%| F|  |TAMS 0x0000000087300000, 0x0000000087300000| Untracked 
|  40|0x0000000087400000, 0x0000000087400000, 0x0000000087500000|  0%| F|  |TAMS 0x0000000087400000, 0x0000000087400000| Untracked 
|  41|0x0000000087500000, 0x0000000087500000, 0x0000000087600000|  0%| F|  |TAMS 0x0000000087500000, 0x0000000087500000| Untracked 
|  42|0x0000000087600000, 0x0000000087600000, 0x0000000087700000|  0%| F|  |TAMS 0x0000000087600000, 0x0000000087600000| Untracked 
|  43|0x0000000087700000, 0x0000000087700000, 0x0000000087800000|  0%| F|  |TAMS 0x0000000087700000, 0x0000000087700000| Untracked 
|  44|0x0000000087800000, 0x0000000087800000, 0x0000000087900000|  0%| F|  |TAMS 0x0000000087800000, 0x0000000087800000| Untracked 
|  45|0x0000000087900000, 0x0000000087900000, 0x0000000087a00000|  0%| F|  |TAMS 0x0000000087900000, 0x0000000087900000| Untracked 
|  46|0x0000000087a00000, 0x0000000087a00000, 0x0000000087b00000|  0%| F|  |TAMS 0x0000000087a00000, 0x0000000087a00000| Untracked 
|  47|0x0000000087b00000, 0x0000000087b00000, 0x0000000087c00000|  0%| F|  |TAMS 0x0000000087b00000, 0x0000000087b00000| Untracked 
|  48|0x0000000087c00000, 0x0000000087c00000, 0x0000000087d00000|  0%| F|  |TAMS 0x0000000087c00000, 0x0000000087c00000| Untracked 
|  49|0x0000000087d00000, 0x0000000087d00000, 0x0000000087e00000|  0%| F|  |TAMS 0x0000000087d00000, 0x0000000087d00000| Untracked 
|  50|0x0000000087e00000, 0x0000000087e00000, 0x0000000087f00000|  0%| F|  |TAMS 0x0000000087e00000, 0x0000000087e00000| Untracked 
|  51|0x0000000087f00000, 0x0000000087f00000, 0x0000000088000000|  0%| F|  |TAMS 0x0000000087f00000, 0x0000000087f00000| Untracked 
|  52|0x0000000088000000, 0x0000000088000000, 0x0000000088100000|  0%| F|  |TAMS 0x0000000088000000, 0x0000000088000000| Untracked 
|  53|0x0000000088100000, 0x0000000088100000, 0x0000000088200000|  0%| F|  |TAMS 0x0000000088100000, 0x0000000088100000| Untracked 
|  54|0x0000000088200000, 0x0000000088200000, 0x0000000088300000|  0%| F|  |TAMS 0x0000000088200000, 0x0000000088200000| Untracked 
|  55|0x0000000088300000, 0x0000000088300000, 0x0000000088400000|  0%| F|  |TAMS 0x0000000088300000, 0x0000000088300000| Untracked 
|  56|0x0000000088400000, 0x0000000088400000, 0x0000000088500000|  0%| F|  |TAMS 0x0000000088400000, 0x0000000088400000| Untracked 
|  57|0x0000000088500000, 0x0000000088500000, 0x0000000088600000|  0%| F|  |TAMS 0x0000000088500000, 0x0000000088500000| Untracked 
|  58|0x0000000088600000, 0x0000000088600000, 0x0000000088700000|  0%| F|  |TAMS 0x0000000088600000, 0x0000000088600000| Untracked 
|  59|0x0000000088700000, 0x0000000088700000, 0x0000000088800000|  0%| F|  |TAMS 0x0000000088700000, 0x0000000088700000| Untracked 
|  60|0x0000000088800000, 0x0000000088800000, 0x0000000088900000|  0%| F|  |TAMS 0x0000000088800000, 0x0000000088800000| Untracked 
|  61|0x0000000088900000, 0x0000000088900000, 0x0000000088a00000|  0%| F|  |TAMS 0x0000000088900000, 0x0000000088900000| Untracked 
|  62|0x0000000088a00000, 0x0000000088a00000, 0x0000000088b00000|  0%| F|  |TAMS 0x0000000088a00000, 0x0000000088a00000| Untracked 
|  63|0x0000000088b00000, 0x0000000088b00000, 0x0000000088c00000|  0%| F|  |TAMS 0x0000000088b00000, 0x0000000088b00000| Untracked 
|  64|0x0000000088c00000, 0x0000000088c00000, 0x0000000088d00000|  0%| F|  |TAMS 0x0000000088c00000, 0x0000000088c00000| Untracked 
|  65|0x0000000088d00000, 0x0000000088d00000, 0x0000000088e00000|  0%| F|  |TAMS 0x0000000088d00000, 0x0000000088d00000| Untracked 
|  66|0x0000000088e00000, 0x0000000088e00000, 0x0000000088f00000|  0%| F|  |TAMS 0x0000000088e00000, 0x0000000088e00000| Untracked 
|  67|0x0000000088f00000, 0x0000000088f00000, 0x0000000089000000|  0%| F|  |TAMS 0x0000000088f00000, 0x0000000088f00000| Untracked 
|  68|0x0000000089000000, 0x0000000089000000, 0x0000000089100000|  0%| F|  |TAMS 0x0000000089000000, 0x0000000089000000| Untracked 
|  69|0x0000000089100000, 0x0000000089100000, 0x0000000089200000|  0%| F|  |TAMS 0x0000000089100000, 0x0000000089100000| Untracked 
|  70|0x0000000089200000, 0x0000000089200000, 0x0000000089300000|  0%| F|  |TAMS 0x0000000089200000, 0x0000000089200000| Untracked 
|  71|0x0000000089300000, 0x0000000089300000, 0x0000000089400000|  0%| F|  |TAMS 0x0000000089300000, 0x0000000089300000| Untracked 
|  72|0x0000000089400000, 0x0000000089400000, 0x0000000089500000|  0%| F|  |TAMS 0x0000000089400000, 0x0000000089400000| Untracked 
|  73|0x0000000089500000, 0x0000000089500000, 0x0000000089600000|  0%| F|  |TAMS 0x0000000089500000, 0x0000000089500000| Untracked 
|  74|0x0000000089600000, 0x0000000089600000, 0x0000000089700000|  0%| F|  |TAMS 0x0000000089600000, 0x0000000089600000| Untracked 
|  75|0x0000000089700000, 0x0000000089700000, 0x0000000089800000|  0%| F|  |TAMS 0x0000000089700000, 0x0000000089700000| Untracked 
|  76|0x0000000089800000, 0x0000000089800000, 0x0000000089900000|  0%| F|  |TAMS 0x0000000089800000, 0x0000000089800000| Untracked 
|  77|0x0000000089900000, 0x0000000089900000, 0x0000000089a00000|  0%| F|  |TAMS 0x0000000089900000, 0x0000000089900000| Untracked 
|  78|0x0000000089a00000, 0x0000000089a00000, 0x0000000089b00000|  0%| F|  |TAMS 0x0000000089a00000, 0x0000000089a00000| Untracked 
|  79|0x0000000089b00000, 0x0000000089b00000, 0x0000000089c00000|  0%| F|  |TAMS 0x0000000089b00000, 0x0000000089b00000| Untracked 
|  80|0x0000000089c00000, 0x0000000089c00000, 0x0000000089d00000|  0%| F|  |TAMS 0x0000000089c00000, 0x0000000089c00000| Untracked 
|  81|0x0000000089d00000, 0x0000000089d00000, 0x0000000089e00000|  0%| F|  |TAMS 0x0000000089d00000, 0x0000000089d00000| Untracked 
|  82|0x0000000089e00000, 0x0000000089e00000, 0x0000000089f00000|  0%| F|  |TAMS 0x0000000089e00000, 0x0000000089e00000| Untracked 
|  83|0x0000000089f00000, 0x0000000089f00000, 0x000000008a000000|  0%| F|  |TAMS 0x0000000089f00000, 0x0000000089f00000| Untracked 
|  84|0x000000008a000000, 0x000000008a000000, 0x000000008a100000|  0%| F|  |TAMS 0x000000008a000000, 0x000000008a000000| Untracked 
|  85|0x000000008a100000, 0x000000008a100000, 0x000000008a200000|  0%| F|  |TAMS 0x000000008a100000, 0x000000008a100000| Untracked 
|  86|0x000000008a200000, 0x000000008a200000, 0x000000008a300000|  0%| F|  |TAMS 0x000000008a200000, 0x000000008a200000| Untracked 
|  87|0x000000008a300000, 0x000000008a300000, 0x000000008a400000|  0%| F|  |TAMS 0x000000008a300000, 0x000000008a300000| Untracked 
|  88|0x000000008a400000, 0x000000008a400000, 0x000000008a500000|  0%| F|  |TAMS 0x000000008a400000, 0x000000008a400000| Untracked 
|  89|0x000000008a500000, 0x000000008a500000, 0x000000008a600000|  0%| F|  |TAMS 0x000000008a500000, 0x000000008a500000| Untracked 
|  90|0x000000008a600000, 0x000000008a600000, 0x000000008a700000|  0%| F|  |TAMS 0x000000008a600000, 0x000000008a600000| Untracked 
|  91|0x000000008a700000, 0x000000008a700000, 0x000000008a800000|  0%| F|  |TAMS 0x000000008a700000, 0x000000008a700000| Untracked 
|  92|0x000000008a800000, 0x000000008a800000, 0x000000008a900000|  0%| F|  |TAMS 0x000000008a800000, 0x000000008a800000| Untracked 
|  93|0x000000008a900000, 0x000000008a900000, 0x000000008aa00000|  0%| F|  |TAMS 0x000000008a900000, 0x000000008a900000| Untracked 
|  94|0x000000008aa00000, 0x000000008aa00000, 0x000000008ab00000|  0%| F|  |TAMS 0x000000008aa00000, 0x000000008aa00000| Untracked 
|  95|0x000000008ab00000, 0x000000008ab00000, 0x000000008ac00000|  0%| F|  |TAMS 0x000000008ab00000, 0x000000008ab00000| Untracked 
|  96|0x000000008ac00000, 0x000000008ac00000, 0x000000008ad00000|  0%| F|  |TAMS 0x000000008ac00000, 0x000000008ac00000| Untracked 
|  97|0x000000008ad00000, 0x000000008ad00000, 0x000000008ae00000|  0%| F|  |TAMS 0x000000008ad00000, 0x000000008ad00000| Untracked 
|  98|0x000000008ae00000, 0x000000008ae00000, 0x000000008af00000|  0%| F|  |TAMS 0x000000008ae00000, 0x000000008ae00000| Untracked 
|  99|0x000000008af00000, 0x000000008af00000, 0x000000008b000000|  0%| F|  |TAMS 0x000000008af00000, 0x000000008af00000| Untracked 
| 100|0x000000008b000000, 0x000000008b000000, 0x000000008b100000|  0%| F|  |TAMS 0x000000008b000000, 0x000000008b000000| Untracked 
| 101|0x000000008b100000, 0x000000008b100000, 0x000000008b200000|  0%| F|  |TAMS 0x000000008b100000, 0x000000008b100000| Untracked 
| 102|0x000000008b200000, 0x000000008b200000, 0x000000008b300000|  0%| F|  |TAMS 0x000000008b200000, 0x000000008b200000| Untracked 
| 103|0x000000008b300000, 0x000000008b300000, 0x000000008b400000|  0%| F|  |TAMS 0x000000008b300000, 0x000000008b300000| Untracked 
| 104|0x000000008b400000, 0x000000008b400000, 0x000000008b500000|  0%| F|  |TAMS 0x000000008b400000, 0x000000008b400000| Untracked 
| 105|0x000000008b500000, 0x000000008b500000, 0x000000008b600000|  0%| F|  |TAMS 0x000000008b500000, 0x000000008b500000| Untracked 
| 106|0x000000008b600000, 0x000000008b600000, 0x000000008b700000|  0%| F|  |TAMS 0x000000008b600000, 0x000000008b600000| Untracked 
| 107|0x000000008b700000, 0x000000008b700000, 0x000000008b800000|  0%| F|  |TAMS 0x000000008b700000, 0x000000008b700000| Untracked 
| 108|0x000000008b800000, 0x000000008b800000, 0x000000008b900000|  0%| F|  |TAMS 0x000000008b800000, 0x000000008b800000| Untracked 
| 109|0x000000008b900000, 0x000000008b900000, 0x000000008ba00000|  0%| F|  |TAMS 0x000000008b900000, 0x000000008b900000| Untracked 
| 110|0x000000008ba00000, 0x000000008ba00000, 0x000000008bb00000|  0%| F|  |TAMS 0x000000008ba00000, 0x000000008ba00000| Untracked 
| 111|0x000000008bb00000, 0x000000008bb00000, 0x000000008bc00000|  0%| F|  |TAMS 0x000000008bb00000, 0x000000008bb00000| Untracked 
| 112|0x000000008bc00000, 0x000000008bc00000, 0x000000008bd00000|  0%| F|  |TAMS 0x000000008bc00000, 0x000000008bc00000| Untracked 
| 113|0x000000008bd00000, 0x000000008bd00000, 0x000000008be00000|  0%| F|  |TAMS 0x000000008bd00000, 0x000000008bd00000| Untracked 
| 114|0x000000008be00000, 0x000000008be00000, 0x000000008bf00000|  0%| F|  |TAMS 0x000000008be00000, 0x000000008be00000| Untracked 
| 115|0x000000008bf00000, 0x000000008bf00000, 0x000000008c000000|  0%| F|  |TAMS 0x000000008bf00000, 0x000000008bf00000| Untracked 
| 116|0x000000008c000000, 0x000000008c000000, 0x000000008c100000|  0%| F|  |TAMS 0x000000008c000000, 0x000000008c000000| Untracked 
| 117|0x000000008c100000, 0x000000008c100000, 0x000000008c200000|  0%| F|  |TAMS 0x000000008c100000, 0x000000008c100000| Untracked 
| 118|0x000000008c200000, 0x000000008c200000, 0x000000008c300000|  0%| F|  |TAMS 0x000000008c200000, 0x000000008c200000| Untracked 
| 119|0x000000008c300000, 0x000000008c300000, 0x000000008c400000|  0%| F|  |TAMS 0x000000008c300000, 0x000000008c300000| Untracked 
| 120|0x000000008c400000, 0x000000008c400000, 0x000000008c500000|  0%| F|  |TAMS 0x000000008c400000, 0x000000008c400000| Untracked 
| 121|0x000000008c500000, 0x000000008c500000, 0x000000008c600000|  0%| F|  |TAMS 0x000000008c500000, 0x000000008c500000| Untracked 
| 122|0x000000008c600000, 0x000000008c6ec090, 0x000000008c700000| 92%| E|  |TAMS 0x000000008c600000, 0x000000008c600000| Complete 
| 123|0x000000008c700000, 0x000000008c800000, 0x000000008c800000|100%| E|CS|TAMS 0x000000008c700000, 0x000000008c700000| Complete 

Card table byte_map: [0x000002307ecb0000,0x000002307f090000] _byte_map_base: 0x000002307e88a000

Marking Bits (Prev, Next): (CMBitMap*) 0x000002307677d820, (CMBitMap*) 0x000002307677d860
 Prev Bits: [0x000002300f000000, 0x0000023010ed0000)
 Next Bits: [0x0000023010ed0000, 0x0000023012da0000)

Polling page: 0x0000023075ee0000

Metaspace:

Usage:
  Non-class:      5.13 MB used.
      Class:    474.45 KB used.
       Both:      5.59 MB used.

Virtual space:
  Non-class space:       64.00 MB reserved,       5.19 MB (  8%) committed,  1 nodes.
      Class space:        1.00 GB reserved,     512.00 KB ( <1%) committed,  1 nodes.
             Both:        1.06 GB reserved,       5.69 MB ( <1%) committed. 

Chunk freelists:
   Non-Class:  2.50 MB
       Class:  3.53 MB
        Both:  6.02 MB

MaxMetaspaceSize: unlimited
CompressedClassSpaceSize: 1.00 GB
Initial GC threshold: 21.00 MB
Current GC threshold: 21.00 MB
CDS: off
MetaspaceReclaimPolicy: balanced
 - commit_granule_bytes: 65536.
 - commit_granule_words: 8192.
 - virtual_space_node_default_size: 8388608.
 - enlarge_chunks_in_place: 1.
 - new_chunks_are_fully_committed: 0.
 - uncommit_free_chunks: 1.
 - use_allocation_guard: 0.


Internal statistics:

num_allocs_failed_limit: 0.
num_arena_births: 6.
num_arena_deaths: 0.
num_vsnodes_births: 2.
num_vsnodes_deaths: 0.
num_space_committed: 91.
num_space_uncommitted: 0.
num_chunks_returned_to_freelist: 0.
num_chunks_taken_from_freelist: 12.
num_chunk_merges: 0.
num_chunk_splits: 5.
num_chunks_enlarged: 2.
num_inconsistent_stats: 0.

CodeHeap 'non-profiled nmethods': size=119168Kb used=58Kb max_used=58Kb free=119109Kb
 bounds [0x0000023007ba0000, 0x0000023007e10000, 0x000002300f000000]
CodeHeap 'profiled nmethods': size=119104Kb used=240Kb max_used=240Kb free=118863Kb
 bounds [0x0000023000750000, 0x00000230009c0000, 0x0000023007ba0000]
CodeHeap 'non-nmethods': size=7488Kb used=2789Kb max_used=2803Kb free=4698Kb
 bounds [0x0000023000000000, 0x00000230002c0000, 0x0000023000750000]
 total_blobs=574 nmethods=210 adapters=274
 compilation: enabled
              stopped_count=0, restarted_count=0
 full_count=0

Compilation events (20 events):
Event: 0.172 Thread 0x00000230152cdcc0  189       3       java.lang.String::substring (58 bytes)
Event: 0.172 Thread 0x00000230152cdcc0 nmethod 189 0x0000023000787310 code [0x0000023000787520, 0x0000023000787b48]
Event: 0.173 Thread 0x00000230195f9a70  193       1       java.util.KeyValueHolder::getKey (5 bytes)
Event: 0.173 Thread 0x00000230194e1c10  194       1       java.util.KeyValueHolder::getValue (5 bytes)
Event: 0.173 Thread 0x00000230195f9a70 nmethod 193 0x0000023007bacb90 code [0x0000023007bacd20, 0x0000023007bacdf8]
Event: 0.173 Thread 0x00000230194e1c10 nmethod 194 0x0000023007bace90 code [0x0000023007bad020, 0x0000023007bad0f8]
Event: 0.173 Thread 0x00000230152cd3d0 nmethod 183 0x0000023007bad190 code [0x0000023007bad320, 0x0000023007bad438]
Event: 0.173 Thread 0x00000230152cd3d0  191       4       java.util.HashMap::putVal (300 bytes)
Event: 0.174 Thread 0x00000230195f9a70  195       3       java.util.ImmutableCollections$MapN::probe (60 bytes)
Event: 0.174 Thread 0x00000230152cdcc0  197       1       java.lang.module.ModuleDescriptor::packages (5 bytes)
Event: 0.174 Thread 0x00000230195f9a70 nmethod 195 0x0000023000787d90 code [0x0000023000787f80, 0x00000230007884d8]
Event: 0.174 Thread 0x00000230194e1c10  198       1       java.lang.module.ResolvedModule::reference (5 bytes)
Event: 0.174 Thread 0x00000230195f9a70  199       3       java.util.concurrent.ConcurrentHashMap::casTabAt (21 bytes)
Event: 0.174 Thread 0x00000230194e1c10 nmethod 198 0x0000023007bad590 code [0x0000023007bad720, 0x0000023007bad7f8]
Event: 0.174 Thread 0x00000230152cdcc0 nmethod 197 0x0000023007bad890 code [0x0000023007bada20, 0x0000023007badaf8]
Event: 0.174 Thread 0x00000230195f9a70 nmethod 199 0x0000023000788710 code [0x00000230007888a0, 0x0000023000788a18]
Event: 0.174 Thread 0x00000230152cdcc0  200       3       java.lang.AbstractStringBuilder::putStringAt (19 bytes)
Event: 0.174 Thread 0x00000230195f9a70  201       3       java.lang.AbstractStringBuilder::inflateIfNeededFor (22 bytes)
Event: 0.174 Thread 0x00000230195f9f70  202       3       java.util.Optional::orElse (16 bytes)
Event: 0.175 Thread 0x00000230194e1c10  203       3       java.lang.StringBuilder::append (8 bytes)

GC Heap History (0 events):
No events

Deoptimization events (0 events):
No events

Classes loaded (20 events):
Event: 0.167 Loading class java/util/HashMap$HashMapSpliterator done
Event: 0.167 Loading class java/util/HashMap$ValueSpliterator done
Event: 0.167 Loading class java/util/HashMap$KeySpliterator
Event: 0.167 Loading class java/util/HashMap$KeySpliterator done
Event: 0.167 Loading class java/util/Collections$UnmodifiableCollection$1
Event: 0.167 Loading class java/util/Collections$UnmodifiableCollection$1 done
Event: 0.167 Loading class java/lang/ModuleLayer
Event: 0.168 Loading class java/lang/ModuleLayer done
Event: 0.168 Loading class java/util/LinkedHashSet
Event: 0.168 Loading class java/util/LinkedHashSet done
Event: 0.168 Loading class java/util/LinkedHashMap
Event: 0.168 Loading class java/util/LinkedHashMap done
Event: 0.169 Loading class java/lang/module/ResolvedModule
Event: 0.169 Loading class java/lang/module/ResolvedModule done
Event: 0.173 Loading class jdk/internal/module/ModuleLoaderMap
Event: 0.173 Loading class jdk/internal/module/ModuleLoaderMap done
Event: 0.173 Loading class jdk/internal/module/ModuleLoaderMap$Mapper
Event: 0.173 Loading class jdk/internal/module/ModuleLoaderMap$Mapper done
Event: 0.173 Loading class jdk/internal/module/ModuleLoaderMap$Modules
Event: 0.174 Loading class jdk/internal/module/ModuleLoaderMap$Modules done

Classes unloaded (0 events):
No events

Classes redefined (0 events):
No events

Internal exceptions (4 events):
Event: 0.165 Thread 0x000002307671dfa0 Exception <a 'sun/nio/fs/WindowsException'{0x000000008c650c30}> (0x000000008c650c30) 
thrown [s\open\src\hotspot\share\prims\jni.cpp, line 516]
Event: 0.165 Thread 0x000002307671dfa0 Exception <a 'sun/nio/fs/WindowsException'{0x000000008c6511b8}> (0x000000008c6511b8) 
thrown [s\open\src\hotspot\share\prims\jni.cpp, line 516]
Event: 0.166 Thread 0x000002307671dfa0 Exception <a 'sun/nio/fs/WindowsException'{0x000000008c653660}> (0x000000008c653660) 
thrown [s\open\src\hotspot\share\prims\jni.cpp, line 516]
Event: 0.167 Thread 0x000002307671dfa0 Exception <a 'sun/nio/fs/WindowsException'{0x000000008c654190}> (0x000000008c654190) 
thrown [s\open\src\hotspot\share\prims\jni.cpp, line 516]

VM Operations (2 events):
Event: 0.168 Executing VM operation: HandshakeAllThreads
Event: 0.168 Executing VM operation: HandshakeAllThreads done

Events (18 events):
Event: 0.013 Loaded shared library C:\Program Files\Java\jdk-18.0.1.1\bin\java.dll
Event: 0.053 Loaded shared library C:\Program Files\Java\jdk-18.0.1.1\bin\jsvml.dll
Event: 0.054 Thread 0x000002307671dfa0 Thread added: 0x000002307671dfa0
Event: 0.061 Thread 0x00000230152a7010 Thread added: 0x00000230152a7010
Event: 0.061 Thread 0x00000230152a98d0 Thread added: 0x00000230152a98d0
Event: 0.081 Thread 0x00000230152c78e0 Thread added: 0x00000230152c78e0
Event: 0.081 Thread 0x00000230152c8190 Thread added: 0x00000230152c8190
Event: 0.082 Thread 0x00000230152c8a40 Thread added: 0x00000230152c8a40
Event: 0.082 Thread 0x00000230152cc7f0 Thread added: 0x00000230152cc7f0
Event: 0.082 Thread 0x00000230152cd3d0 Thread added: 0x00000230152cd3d0
Event: 0.082 Thread 0x00000230152cdcc0 Thread added: 0x00000230152cdcc0
Event: 0.082 Thread 0x00000230152ce5b0 Thread added: 0x00000230152ce5b0
Event: 0.142 Thread 0x000002301953beb0 Thread added: 0x000002301953beb0
Event: 0.155 Thread 0x00000230194e1c10 Thread added: 0x00000230194e1c10
Event: 0.163 Loaded shared library C:\Program Files\Java\jdk-18.0.1.1\bin\net.dll
Event: 0.164 Loaded shared library C:\Program Files\Java\jdk-18.0.1.1\bin\nio.dll
Event: 0.169 Thread 0x00000230195f9a70 Thread added: 0x00000230195f9a70
Event: 0.170 Thread 0x00000230195f9f70 Thread added: 0x00000230195f9f70


Dynamic libraries:
0x00007ff707770000 - 0x00007ff707780000 	C:\Program Files\Java\jdk-18.0.1.1\bin\java.exe
0x00007ffb9d290000 - 0x00007ffb9d4a4000 	C:\WINDOWS\SYSTEM32\ntdll.dll
0x00007ffb9c4a0000 - 0x00007ffb9c562000 	C:\WINDOWS\System32\KERNEL32.DLL
0x00007ffb9a6e0000 - 0x00007ffb9aa83000 	C:\WINDOWS\System32\KERNELBASE.dll
0x00007ffb9aa90000 - 0x00007ffb9aba1000 	C:\WINDOWS\System32\ucrtbase.dll
0x00007ffb8ff90000 - 0x00007ffb8ffaa000 	C:\Program Files\Java\jdk-18.0.1.1\bin\VCRUNTIME140.dll
0x00007ffb932e0000 - 0x00007ffb932f8000 	C:\Program Files\Java\jdk-18.0.1.1\bin\jli.dll
0x00007ffb9cd40000 - 0x00007ffb9cdee000 	C:\WINDOWS\System32\ADVAPI32.dll
0x00007ffb9cc90000 - 0x00007ffb9cd37000 	C:\WINDOWS\System32\msvcrt.dll
0x00007ffb9b7f0000 - 0x00007ffb9b894000 	C:\WINDOWS\System32\sechost.dll
0x00007ffb9cb70000 - 0x00007ffb9cc87000 	C:\WINDOWS\System32\RPCRT4.dll
0x00007ffb9c620000 - 0x00007ffb9c7cb000 	C:\WINDOWS\System32\USER32.dll
0x00007ffb9a6b0000 - 0x00007ffb9a6d6000 	C:\WINDOWS\System32\win32u.dll
0x00007ffb868b0000 - 0x00007ffb86b3e000 	C:\WINDOWS\WinSxS\amd64_microsoft.windows.common-controls_6595b64144ccf1df_6.0.22621.1635_none_270f70857386168e\COMCTL32.dll
0x00007ffb9c9a0000 - 0x00007ffb9c9c9000 	C:\WINDOWS\System32\GDI32.dll
0x00007ffb9ad10000 - 0x00007ffb9ae28000 	C:\WINDOWS\System32\gdi32full.dll
0x00007ffb9abb0000 - 0x00007ffb9ac4a000 	C:\WINDOWS\System32\msvcp_win.dll
0x00007ffb8f600000 - 0x00007ffb8f60a000 	C:\WINDOWS\SYSTEM32\VERSION.dll
0x00007ffb9d200000 - 0x00007ffb9d231000 	C:\WINDOWS\System32\IMM32.DLL
0x00007ffb93f70000 - 0x00007ffb93f7c000 	C:\Program Files\Java\jdk-18.0.1.1\bin\vcruntime140_1.dll
0x00007ffb84a80000 - 0x00007ffb84b0d000 	C:\Program Files\Java\jdk-18.0.1.1\bin\msvcp140.dll
0x00007ffb58270000 - 0x00007ffb58e80000 	C:\Program Files\Java\jdk-18.0.1.1\bin\server\jvm.dll
0x00007ffb9cdf0000 - 0x00007ffb9cdf8000 	C:\WINDOWS\System32\PSAPI.DLL
0x00007ffb93f80000 - 0x00007ffb93f89000 	C:\WINDOWS\SYSTEM32\WSOCK32.dll
0x00007ffb9c410000 - 0x00007ffb9c481000 	C:\WINDOWS\System32\WS2_32.dll
0x00007ffb93120000 - 0x00007ffb93154000 	C:\WINDOWS\SYSTEM32\WINMM.dll
0x00007ffb996d0000 - 0x00007ffb996e8000 	C:\WINDOWS\SYSTEM32\kernel.appcore.dll
0x00007ffb91430000 - 0x00007ffb9143a000 	C:\Program Files\Java\jdk-18.0.1.1\bin\jimage.dll
0x00007ffb98210000 - 0x00007ffb9843e000 	C:\WINDOWS\SYSTEM32\DBGHELP.DLL
0x00007ffb9ce60000 - 0x00007ffb9d1e9000 	C:\WINDOWS\System32\combase.dll
0x00007ffb9b920000 - 0x00007ffb9b9f7000 	C:\WINDOWS\System32\OLEAUT32.dll
0x00007ffb90700000 - 0x00007ffb90732000 	C:\WINDOWS\SYSTEM32\dbgcore.DLL
0x00007ffb9ae30000 - 0x00007ffb9aeab000 	C:\WINDOWS\System32\bcryptPrimitives.dll
0x00007ffb8f5a0000 - 0x00007ffb8f5c5000 	C:\Program Files\Java\jdk-18.0.1.1\bin\java.dll
0x00007ffb870b0000 - 0x00007ffb87186000 	C:\Program Files\Java\jdk-18.0.1.1\bin\jsvml.dll
0x00007ffb9ba00000 - 0x00007ffb9c1fa000 	C:\WINDOWS\System32\SHELL32.dll
0x00007ffb98660000 - 0x00007ffb98f2e000 	C:\WINDOWS\SYSTEM32\windows.storage.dll
0x00007ffb98520000 - 0x00007ffb9865e000 	C:\WINDOWS\SYSTEM32\wintypes.dll
0x00007ffb9b6f0000 - 0x00007ffb9b7e1000 	C:\WINDOWS\System32\SHCORE.dll
0x00007ffb9ce00000 - 0x00007ffb9ce5e000 	C:\WINDOWS\System32\shlwapi.dll
0x00007ffb9a5e0000 - 0x00007ffb9a601000 	C:\WINDOWS\SYSTEM32\profapi.dll
0x00007ffb8ff30000 - 0x00007ffb8ff43000 	C:\Program Files\Java\jdk-18.0.1.1\bin\net.dll
0x00007ffb94500000 - 0x00007ffb94637000 	C:\WINDOWS\SYSTEM32\WINHTTP.dll
0x00007ffb99b70000 - 0x00007ffb99bd9000 	C:\WINDOWS\system32\mswsock.dll
0x00007ffb8f060000 - 0x00007ffb8f076000 	C:\Program Files\Java\jdk-18.0.1.1\bin\nio.dll

dbghelp: loaded successfully - version: 4.0.5 - missing functions: none
symbol engine: initialized successfully - sym options: 0x614 - pdb path: .;C:\Program Files\Java\jdk-18.0.1.1\bin;C:\WINDOWS\SYSTEM32;C:\WINDOWS\WinSxS\amd64_microsoft.windows.common-controls_6595b64144ccf1df_6.0.22621.1635_none_270f70857386168e;C:\Program Files\Java\jdk-18.0.1.1\bin\server

VM Arguments:
jvm_args: -Dfile.encoding=UTF-8 --module-path=C:\Users\Charan\Documents\NetBeansProjects\Travel Management System\build\classes 
java_command: travel.management.system.Dashboard
java_class_path (initial): C:\Users\Charan\Documents\NetBeansProjects\ATM Simulation System\mysql-connector-java-8.0.28.jar;C:\Users\Charan\Documents\NetBeansProjects\Travel Management System\build\classes
Launcher Type: SUN_STANDARD

[Global flags]
     intx CICompilerCount                          = 12                                        {product} {ergonomic}
     uint ConcGCThreads                            = 3                                         {product} {ergonomic}
     uint G1ConcRefinementThreads                  = 13                                        {product} {ergonomic}
   size_t G1HeapRegionSize                         = 1048576                                   {product} {ergonomic}
    uintx GCDrainStackTargetSize                   = 64                                        {product} {ergonomic}
   size_t InitialHeapSize                          = 130023424                                 {product} {ergonomic}
   size_t MarkStackSize                            = 4194304                                   {product} {ergonomic}
   size_t MaxHeapSize                              = 2067791872                                {product} {ergonomic}
   size_t MaxNewSize                               = 1240465408                                {product} {ergonomic}
   size_t MinHeapDeltaBytes                        = 1048576                                   {product} {ergonomic}
   size_t MinHeapSize                              = 8388608                                   {product} {ergonomic}
    uintx NonNMethodCodeHeapSize                   = 7602480                                {pd product} {ergonomic}
    uintx NonProfiledCodeHeapSize                  = 122027880                              {pd product} {ergonomic}
    uintx ProfiledCodeHeapSize                     = 122027880                              {pd product} {ergonomic}
    uintx ReservedCodeCacheSize                    = 251658240                              {pd product} {ergonomic}
     bool SegmentedCodeCache                       = true                                      {product} {ergonomic}
   size_t SoftMaxHeapSize                          = 2067791872                             {manageable} {ergonomic}
     bool UseCompressedClassPointers               = true                           {product lp64_product} {ergonomic}
     bool UseCompressedOops                        = true                           {product lp64_product} {ergonomic}
     bool UseG1GC                                  = true                                      {product} {ergonomic}
     bool UseLargePagesIndividualAllocation        = false                                  {pd product} {ergonomic}

Logging:
Log output configuration:
 #0: stdout all=warning uptime,level,tags foldmultilines=false
 #1: stderr all=off uptime,level,tags foldmultilines=false

Environment Variables:
PATH=C:\Python311\Scripts\;C:\Python311\;D:\app2\Charan\product\11.2.0\dbhome_1\bin;D:\app1\Charan\product\11.2.0\dbhome_1\bin;D:\app\Charan\product\11.2.0\dbhome_1\bin;C:\Program Files (x86)\Common Files\Intel\Shared Libraries\redist\intel64\compiler;C:\Program Files\Common Files\Oracle\Java\javapath;C:\MinGW\bin;C:\WINDOWS\system32;C:\WINDOWS;C:\WINDOWS\System32\Wbem;C:\WINDOWS\System32\WindowsPowerShell\v1.0\;C:\WINDOWS\System32\OpenSSH\;C:\Program Files\Git\cmd;C:\Program Files\nodejs\;C:\ProgramData\chocolatey\bin;c:\Program Files (x86)\Microsoft SQL Server\100\Tools\Binn\;c:\Program Files\Microsoft SQL Server\100\Tools\Binn\;c:\Program Files\Microsoft SQL Server\100\DTS\Binn\;C:\Users\Charan\AppData\Local\Programs\Python\Python310\Scripts\;C:\Users\Charan\AppData\Local\Programs\Python\Python310\;C:\Users\Charan\AppData\Local\Microsoft\WindowsApps;C:\Users\Charan\AppData\Local\GitHubDesktop\bin;C:\Users\Charan\AppData\Roaming\npm;C:\xampp\php;D:\xampp;C:\Program Files (x86)\Microsoft VS Code\bin;C:\msys64\mingw64\bin;
USERNAME=Charan
OS=Windows_NT
PROCESSOR_IDENTIFIER=Intel64 Family 6 Model 154 Stepping 3, GenuineIntel



---------------  S Y S T E M  ---------------

OS:
 Windows 11 , 64 bit Build 22621 (10.0.22621.1635)
OS uptime: 26 days 10:06 hours
Hyper-V role detected

CPU: total 16 (initial active 16) (8 cores per cpu, 2 threads per core) family 6 model 154 stepping 3 microcode 0x418, cx8, cmov, fxsr, ht, mmx, 3dnowpref, sse, sse2, sse3, ssse3, sse4.1, sse4.2, popcnt, lzcnt, tsc, tscinvbit, avx, avx2, aes, erms, clmul, bmi1, bmi2, adx, sha, fma, vzeroupper, clflush, clflushopt, clwb, hv, serialize

Memory: 4k page, system-wide physical 7886M (1239M free)
TotalPageFile size 32462M (AvailPageFile size 2M)
current process WorkingSet (physical memory assigned to process): 31M, peak: 31M
current process commit charge ("private bytes"): 211M, peak: 211M

vm_info: Java HotSpot(TM) 64-Bit Server VM (18.0.1.1+2-6) for windows-amd64 JRE (18.0.1.1+2-6), built on Apr 25 2022 21:53:15 by "mach5one" with MS VC++ 16.8 / 16.9 (VS2019)

END.
